2016-06-14 00:40:10 Debug: stdClass Object
(
    [partyId] => 10
)

2016-06-14 00:40:12 Debug: Array
(
)

2016-06-14 00:42:25 Debug: stdClass Object
(
    [partyId] => 10
)

2016-06-14 00:42:28 Debug: Array
(
    [0] => Cake\ORM\Entity Object
        (
            [_properties:protected] => Array
                (
                    [id] => 17
                    [name] => 16 - One Love - People Get Ready
                    [path] => /storage/sdcard1/Musicas/Bob Marley/bob marley and the wailers africa unite  (2005)  VBR/cd 2/16 - One Love - People Get Ready.mp3
                    [party_id] => 10
                    [uuid] => 1fa39a5d-03a8-4798-ba6f-88d83cad8738
                    [played] => 0
                    [likes] => 6
                )

            [_original:protected] => Array
                (
                )

            [_hidden:protected] => Array
                (
                )

            [_virtual:protected] => Array
                (
                )

            [_className:protected] => 
            [_dirty:protected] => Array
                (
                )

            [_new:protected] => 
            [_errors:protected] => Array
                (
                )

            [_invalid:protected] => Array
                (
                )

            [_accessible:protected] => Array
                (
                    [*] => 1
                )

            [_registryAlias:protected] => Songs
        )

)

2016-06-14 00:42:28 Debug: 16 - One Love - People Get Ready
2016-06-14 00:49:32 Debug: stdClass Object
(
    [partyId] => 10
)

2016-06-14 00:49:33 Debug: Array
(
    [0] => Cake\ORM\Entity Object
        (
            [_properties:protected] => Array
                (
                    [id] => 17
                    [name] => 16 - One Love - People Get Ready
                    [path] => /storage/sdcard1/Musicas/Bob Marley/bob marley and the wailers africa unite  (2005)  VBR/cd 2/16 - One Love - People Get Ready.mp3
                    [party_id] => 10
                    [uuid] => 1fa39a5d-03a8-4798-ba6f-88d83cad8738
                    [played] => 0
                    [likes] => 6
                )

            [_original:protected] => Array
                (
                )

            [_hidden:protected] => Array
                (
                )

            [_virtual:protected] => Array
                (
                )

            [_className:protected] => 
            [_dirty:protected] => Array
                (
                )

            [_new:protected] => 
            [_errors:protected] => Array
                (
                )

            [_invalid:protected] => Array
                (
                )

            [_accessible:protected] => Array
                (
                    [*] => 1
                )

            [_registryAlias:protected] => Songs
        )

)

2016-06-14 00:50:26 Debug: stdClass Object
(
    [partyId] => 10
)

2016-06-14 00:50:26 Debug: Array
(
    [0] => Cake\ORM\Entity Object
        (
            [_properties:protected] => Array
                (
                    [id] => 19
                    [name] => 03 - Killer Queen
                    [path] => /storage/sdcard1/Musicas/Queen Greatests Hits [Mp3][www.lokotorrents.com]/Queen - Greatest Hits I/03 - Killer Queen.mp3
                    [party_id] => 10
                    [uuid] => 184c18dd-e33f-46fd-a001-4f13bea74d78
                    [played] => 0
                    [likes] => 10
                )

            [_original:protected] => Array
                (
                )

            [_hidden:protected] => Array
                (
                )

            [_virtual:protected] => Array
                (
                )

            [_className:protected] => 
            [_dirty:protected] => Array
                (
                )

            [_new:protected] => 
            [_errors:protected] => Array
                (
                )

            [_invalid:protected] => Array
                (
                )

            [_accessible:protected] => Array
                (
                    [*] => 1
                )

            [_registryAlias:protected] => Songs
        )

)

