2016-05-08 17:57:52 Warning: DebugKit not enabled. You need to either install pdo_sqlite, or define the "debug_kit" connection name.
2016-05-08 17:59:28 Warning: DebugKit not enabled. You need to either install pdo_sqlite, or define the "debug_kit" connection name.
2016-05-08 21:39:13 Warning: DebugKit not enabled. You need to either install pdo_sqlite, or define the "debug_kit" connection name.
2016-05-08 23:06:51 Warning: DebugKit not enabled. You need to either install pdo_sqlite, or define the "debug_kit" connection name.
2016-05-08 23:13:07 Warning: DebugKit not enabled. You need to either install pdo_sqlite, or define the "debug_kit" connection name.
2016-05-08 23:16:02 Warning: DebugKit not enabled. You need to either install pdo_sqlite, or define the "debug_kit" connection name.
2016-05-08 23:45:00 Warning: DebugKit not enabled. You need to either install pdo_sqlite, or define the "debug_kit" connection name.
2016-05-08 23:45:58 Warning: DebugKit not enabled. You need to either install pdo_sqlite, or define the "debug_kit" connection name.
2016-05-08 23:47:52 Warning: DebugKit not enabled. You need to either install pdo_sqlite, or define the "debug_kit" connection name.
2016-05-08 23:49:27 Warning: DebugKit not enabled. You need to either install pdo_sqlite, or define the "debug_kit" connection name.
2016-05-08 23:50:42 Warning: DebugKit not enabled. You need to either install pdo_sqlite, or define the "debug_kit" connection name.
2016-05-09 00:02:05 Warning: DebugKit not enabled. You need to either install pdo_sqlite, or define the "debug_kit" connection name.
2016-05-09 21:20:19 Warning: DebugKit not enabled. You need to either install pdo_sqlite, or define the "debug_kit" connection name.
2016-05-09 21:24:01 Warning: DebugKit not enabled. You need to either install pdo_sqlite, or define the "debug_kit" connection name.
2016-05-09 22:53:23 Warning: DebugKit not enabled. You need to either install pdo_sqlite, or define the "debug_kit" connection name.
2016-05-09 22:58:28 Warning: DebugKit not enabled. You need to either install pdo_sqlite, or define the "debug_kit" connection name.
2016-05-09 22:59:24 Warning: DebugKit not enabled. You need to either install pdo_sqlite, or define the "debug_kit" connection name.
2016-05-09 23:17:49 Warning: DebugKit not enabled. You need to either install pdo_sqlite, or define the "debug_kit" connection name.
2016-05-09 23:48:58 Warning: DebugKit not enabled. You need to either install pdo_sqlite, or define the "debug_kit" connection name.
2016-05-09 23:53:59 Warning: DebugKit not enabled. You need to either install pdo_sqlite, or define the "debug_kit" connection name.
2016-05-09 23:54:21 Warning: DebugKit not enabled. You need to either install pdo_sqlite, or define the "debug_kit" connection name.
2016-05-09 23:55:07 Warning: DebugKit not enabled. You need to either install pdo_sqlite, or define the "debug_kit" connection name.
2016-05-09 23:56:27 Warning: DebugKit not enabled. You need to either install pdo_sqlite, or define the "debug_kit" connection name.
2016-05-09 23:57:42 Warning: DebugKit not enabled. You need to either install pdo_sqlite, or define the "debug_kit" connection name.
2016-05-09 23:58:21 Warning: DebugKit not enabled. You need to either install pdo_sqlite, or define the "debug_kit" connection name.
2016-05-09 23:59:42 Warning: DebugKit not enabled. You need to either install pdo_sqlite, or define the "debug_kit" connection name.
2016-05-10 00:02:18 Warning: DebugKit not enabled. You need to either install pdo_sqlite, or define the "debug_kit" connection name.
2016-05-10 00:03:21 Warning: DebugKit not enabled. You need to either install pdo_sqlite, or define the "debug_kit" connection name.
2016-05-10 00:17:13 Warning: DebugKit not enabled. You need to either install pdo_sqlite, or define the "debug_kit" connection name.
2016-05-10 00:18:48 Warning: DebugKit not enabled. You need to either install pdo_sqlite, or define the "debug_kit" connection name.
2016-05-10 00:31:50 Warning: DebugKit not enabled. You need to either install pdo_sqlite, or define the "debug_kit" connection name.
2016-05-10 00:32:40 Warning: DebugKit not enabled. You need to either install pdo_sqlite, or define the "debug_kit" connection name.
2016-05-10 00:39:27 Warning: DebugKit not enabled. You need to either install pdo_sqlite, or define the "debug_kit" connection name.
2016-05-10 00:45:49 Warning: DebugKit not enabled. You need to either install pdo_sqlite, or define the "debug_kit" connection name.
2016-05-10 00:59:50 Warning: DebugKit not enabled. You need to either install pdo_sqlite, or define the "debug_kit" connection name.
2016-05-10 01:00:50 Warning: DebugKit not enabled. You need to either install pdo_sqlite, or define the "debug_kit" connection name.
2016-05-10 01:03:44 Warning: DebugKit not enabled. You need to either install pdo_sqlite, or define the "debug_kit" connection name.
2016-05-10 01:06:16 Warning: DebugKit not enabled. You need to either install pdo_sqlite, or define the "debug_kit" connection name.
2016-05-10 01:06:47 Warning: DebugKit not enabled. You need to either install pdo_sqlite, or define the "debug_kit" connection name.
2016-05-10 01:07:31 Warning: DebugKit not enabled. You need to either install pdo_sqlite, or define the "debug_kit" connection name.
2016-05-10 01:07:57 Warning: DebugKit not enabled. You need to either install pdo_sqlite, or define the "debug_kit" connection name.
2016-05-10 01:10:35 Warning: DebugKit not enabled. You need to either install pdo_sqlite, or define the "debug_kit" connection name.
2016-05-10 01:11:17 Warning: DebugKit not enabled. You need to either install pdo_sqlite, or define the "debug_kit" connection name.
2016-05-10 01:24:09 Warning: DebugKit not enabled. You need to either install pdo_sqlite, or define the "debug_kit" connection name.
2016-05-10 01:25:02 Warning: DebugKit not enabled. You need to either install pdo_sqlite, or define the "debug_kit" connection name.
2016-05-10 01:44:06 Warning: DebugKit not enabled. You need to either install pdo_sqlite, or define the "debug_kit" connection name.
2016-05-10 01:48:14 Warning: DebugKit not enabled. You need to either install pdo_sqlite, or define the "debug_kit" connection name.
2016-05-10 01:50:19 Warning: DebugKit not enabled. You need to either install pdo_sqlite, or define the "debug_kit" connection name.
2016-05-10 01:58:41 Warning: DebugKit not enabled. You need to either install pdo_sqlite, or define the "debug_kit" connection name.
2016-05-10 02:00:00 Warning: DebugKit not enabled. You need to either install pdo_sqlite, or define the "debug_kit" connection name.
2016-05-10 02:11:46 Warning: DebugKit not enabled. You need to either install pdo_sqlite, or define the "debug_kit" connection name.
2016-05-10 02:12:24 Warning: DebugKit not enabled. You need to either install pdo_sqlite, or define the "debug_kit" connection name.
2016-05-11 18:56:23 Warning: DebugKit not enabled. You need to either install pdo_sqlite, or define the "debug_kit" connection name.
2016-05-11 19:07:30 Warning: DebugKit not enabled. You need to either install pdo_sqlite, or define the "debug_kit" connection name.
2016-05-11 19:10:29 Warning: DebugKit not enabled. You need to either install pdo_sqlite, or define the "debug_kit" connection name.
2016-05-11 19:12:23 Warning: DebugKit not enabled. You need to either install pdo_sqlite, or define the "debug_kit" connection name.
2016-05-11 19:14:54 Warning: DebugKit not enabled. You need to either install pdo_sqlite, or define the "debug_kit" connection name.
2016-05-11 19:15:20 Warning: DebugKit not enabled. You need to either install pdo_sqlite, or define the "debug_kit" connection name.
2016-05-11 19:16:19 Warning: DebugKit not enabled. You need to either install pdo_sqlite, or define the "debug_kit" connection name.
2016-05-11 19:39:57 Warning: DebugKit not enabled. You need to either install pdo_sqlite, or define the "debug_kit" connection name.
2016-05-11 19:39:57 Warning: DebugKit not enabled. You need to either install pdo_sqlite, or define the "debug_kit" connection name.
2016-05-11 19:50:46 Warning: DebugKit not enabled. You need to either install pdo_sqlite, or define the "debug_kit" connection name.
2016-05-11 19:50:46 Warning: DebugKit not enabled. You need to either install pdo_sqlite, or define the "debug_kit" connection name.
2016-05-11 19:53:32 Warning: DebugKit not enabled. You need to either install pdo_sqlite, or define the "debug_kit" connection name.
2016-05-11 19:53:32 Warning: DebugKit not enabled. You need to either install pdo_sqlite, or define the "debug_kit" connection name.
2016-05-11 19:53:32 Warning: DebugKit not enabled. You need to either install pdo_sqlite, or define the "debug_kit" connection name.
2016-05-11 20:03:57 Warning: DebugKit not enabled. You need to either install pdo_sqlite, or define the "debug_kit" connection name.
2016-05-11 20:07:50 Warning: DebugKit not enabled. You need to either install pdo_sqlite, or define the "debug_kit" connection name.
2016-05-11 20:07:51 Warning: Warning (4096): Object of class stdClass could not be converted to string in [/var/www/html/we_party/src/Controller/ArticlesController.php, line 43]
Request URL: /we_party/articles/receivejson
Client IP: 127.0.0.1
Trace:
Cake\Error\BaseErrorHandler::handleError() - CORE/src/Error/BaseErrorHandler.php, line 146
printf - [internal], line ??
App\Controller\ArticlesController::receivejson() - APP/Controller/ArticlesController.php, line 43
Cake\Controller\Controller::invokeAction() - CORE/src/Controller/Controller.php, line 429
Cake\Routing\Dispatcher::_invoke() - CORE/src/Routing/Dispatcher.php, line 114
Cake\Routing\Dispatcher::dispatch() - CORE/src/Routing/Dispatcher.php, line 87
[main] - ROOT/webroot/index.php, line 37



2016-05-11 20:08:48 Warning: DebugKit not enabled. You need to either install pdo_sqlite, or define the "debug_kit" connection name.
2016-05-11 20:08:48 1: teste
2016-05-11 20:11:13 Warning: DebugKit not enabled. You need to either install pdo_sqlite, or define the "debug_kit" connection name.
2016-05-11 20:11:14 Error: [InvalidArgumentException] Invalid log level "{"a":["um","dois","tres"],"j":"epa","h":"foo","sucesso":"ok"}"
Request URL: /we_party/articles/receivejson
Client IP: 127.0.0.1
Stack Trace:
#0 /var/www/html/we_party/vendor/cakephp/cakephp/src/Log/LogTrait.php(36): Cake\Log\Log::write('{"a":["um","doi...', 'teste', Array)
#1 /var/www/html/we_party/src/Controller/ArticlesController.php(43): Cake\Controller\Controller->log('teste', '{"a":["um","doi...')
#2 [internal function]: App\Controller\ArticlesController->receivejson()
#3 /var/www/html/we_party/vendor/cakephp/cakephp/src/Controller/Controller.php(429): call_user_func_array(Array, Array)
#4 /var/www/html/we_party/vendor/cakephp/cakephp/src/Routing/Dispatcher.php(114): Cake\Controller\Controller->invokeAction()
#5 /var/www/html/we_party/vendor/cakephp/cakephp/src/Routing/Dispatcher.php(87): Cake\Routing\Dispatcher->_invoke(Object(App\Controller\ArticlesController))
#6 /var/www/html/we_party/webroot/index.php(37): Cake\Routing\Dispatcher->dispatch(Object(Cake\Network\Request), Object(Cake\Network\Response))
#7 {main}


2016-05-11 20:13:10 Warning: DebugKit not enabled. You need to either install pdo_sqlite, or define the "debug_kit" connection name.
2016-05-11 20:13:10 Warning: Warning (4096): Object of class stdClass could not be converted to string in [/var/www/html/we_party/src/Controller/ArticlesController.php, line 43]
Request URL: /we_party/articles/receivejson
Client IP: 127.0.0.1
Trace:
Cake\Error\BaseErrorHandler::handleError() - CORE/src/Error/BaseErrorHandler.php, line 146
App\Controller\ArticlesController::receivejson() - APP/Controller/ArticlesController.php, line 43
Cake\Controller\Controller::invokeAction() - CORE/src/Controller/Controller.php, line 429
Cake\Routing\Dispatcher::_invoke() - CORE/src/Routing/Dispatcher.php, line 114
Cake\Routing\Dispatcher::dispatch() - CORE/src/Routing/Dispatcher.php, line 87
[main] - ROOT/webroot/index.php, line 37



2016-05-11 20:13:10 Error: [InvalidArgumentException] Invalid log level ""
Request URL: /we_party/articles/receivejson
Client IP: 127.0.0.1
Stack Trace:
#0 /var/www/html/we_party/vendor/cakephp/cakephp/src/Log/LogTrait.php(36): Cake\Log\Log::write('', 'teste', Array)
#1 /var/www/html/we_party/src/Controller/ArticlesController.php(43): Cake\Controller\Controller->log('teste', '')
#2 [internal function]: App\Controller\ArticlesController->receivejson()
#3 /var/www/html/we_party/vendor/cakephp/cakephp/src/Controller/Controller.php(429): call_user_func_array(Array, Array)
#4 /var/www/html/we_party/vendor/cakephp/cakephp/src/Routing/Dispatcher.php(114): Cake\Controller\Controller->invokeAction()
#5 /var/www/html/we_party/vendor/cakephp/cakephp/src/Routing/Dispatcher.php(87): Cake\Routing\Dispatcher->_invoke(Object(App\Controller\ArticlesController))
#6 /var/www/html/we_party/webroot/index.php(37): Cake\Routing\Dispatcher->dispatch(Object(Cake\Network\Request), Object(Cake\Network\Response))
#7 {main}


2016-05-11 20:14:21 Warning: DebugKit not enabled. You need to either install pdo_sqlite, or define the "debug_kit" connection name.
2016-05-11 20:14:21 Error: Fatal Error (1): Call to undefined method stdClass::__toString() in [/var/www/html/we_party/src/Controller/ArticlesController.php, line 43]
Request URL: /we_party/articles/receivejson
Client IP: 127.0.0.1
Trace:
Cake\Error\BaseErrorHandler::handleFatalError() - CORE/src/Error/BaseErrorHandler.php, line 215
Cake\Error\BaseErrorHandler::Cake\Error\{closure}() - CORE/src/Error/BaseErrorHandler.php, line 98
[main] - [internal], line ??



2016-05-11 20:14:21 Error: [Cake\Error\FatalErrorException] Call to undefined method stdClass::__toString()
Request URL: /we_party/articles/receivejson
Client IP: 127.0.0.1
Stack Trace:
#0 /var/www/html/we_party/vendor/cakephp/cakephp/src/Error/BaseErrorHandler.php(98): Cake\Error\BaseErrorHandler->handleFatalError(1, 'Call to undefin...', '/var/www/html/w...', 43)
#1 [internal function]: Cake\Error\BaseErrorHandler->Cake\Error\{closure}()
#2 {main}


2016-05-11 20:16:37 Warning: DebugKit not enabled. You need to either install pdo_sqlite, or define the "debug_kit" connection name.
2016-05-11 20:16:38 Error: [InvalidArgumentException] Invalid log level "stdClass Object
(
    [a] => Array
        (
            [0] => um
            [1] => dois
            [2] => tres
        )

    [j] => epa
    [h] => foo
    [sucesso] => ok
)
"
Request URL: /we_party/articles/receivejson
Client IP: 127.0.0.1
Stack Trace:
#0 /var/www/html/we_party/vendor/cakephp/cakephp/src/Log/LogTrait.php(36): Cake\Log\Log::write('stdClass Object...', 'teste', Array)
#1 /var/www/html/we_party/src/Controller/ArticlesController.php(43): Cake\Controller\Controller->log('teste', 'stdClass Object...')
#2 [internal function]: App\Controller\ArticlesController->receivejson()
#3 /var/www/html/we_party/vendor/cakephp/cakephp/src/Controller/Controller.php(429): call_user_func_array(Array, Array)
#4 /var/www/html/we_party/vendor/cakephp/cakephp/src/Routing/Dispatcher.php(114): Cake\Controller\Controller->invokeAction()
#5 /var/www/html/we_party/vendor/cakephp/cakephp/src/Routing/Dispatcher.php(87): Cake\Routing\Dispatcher->_invoke(Object(App\Controller\ArticlesController))
#6 /var/www/html/we_party/webroot/index.php(37): Cake\Routing\Dispatcher->dispatch(Object(Cake\Network\Request), Object(Cake\Network\Response))
#7 {main}


2016-05-11 20:17:26 Warning: DebugKit not enabled. You need to either install pdo_sqlite, or define the "debug_kit" connection name.
2016-05-11 20:17:26 Error: [InvalidArgumentException] Invalid log level "sim"
Request URL: /we_party/articles/receivejson
Client IP: 127.0.0.1
Stack Trace:
#0 /var/www/html/we_party/vendor/cakephp/cakephp/src/Log/LogTrait.php(36): Cake\Log\Log::write('sim', 'teste', Array)
#1 /var/www/html/we_party/src/Controller/ArticlesController.php(43): Cake\Controller\Controller->log('teste', 'sim')
#2 [internal function]: App\Controller\ArticlesController->receivejson()
#3 /var/www/html/we_party/vendor/cakephp/cakephp/src/Controller/Controller.php(429): call_user_func_array(Array, Array)
#4 /var/www/html/we_party/vendor/cakephp/cakephp/src/Routing/Dispatcher.php(114): Cake\Controller\Controller->invokeAction()
#5 /var/www/html/we_party/vendor/cakephp/cakephp/src/Routing/Dispatcher.php(87): Cake\Routing\Dispatcher->_invoke(Object(App\Controller\ArticlesController))
#6 /var/www/html/we_party/webroot/index.php(37): Cake\Routing\Dispatcher->dispatch(Object(Cake\Network\Request), Object(Cake\Network\Response))
#7 {main}


2016-05-11 20:30:45 Warning: DebugKit not enabled. You need to either install pdo_sqlite, or define the "debug_kit" connection name.
2016-05-11 20:30:45 Error: [InvalidArgumentException] Invalid log level "sim"
Request URL: /we_party/articles/receivejson
Client IP: 127.0.0.1
Stack Trace:
#0 /var/www/html/we_party/vendor/cakephp/cakephp/src/Log/LogTrait.php(36): Cake\Log\Log::write('sim', 'teste', Array)
#1 /var/www/html/we_party/src/Controller/ArticlesController.php(43): Cake\Controller\Controller->log('teste', 'sim')
#2 [internal function]: App\Controller\ArticlesController->receivejson()
#3 /var/www/html/we_party/vendor/cakephp/cakephp/src/Controller/Controller.php(429): call_user_func_array(Array, Array)
#4 /var/www/html/we_party/vendor/cakephp/cakephp/src/Routing/Dispatcher.php(114): Cake\Controller\Controller->invokeAction()
#5 /var/www/html/we_party/vendor/cakephp/cakephp/src/Routing/Dispatcher.php(87): Cake\Routing\Dispatcher->_invoke(Object(App\Controller\ArticlesController))
#6 /var/www/html/we_party/webroot/index.php(37): Cake\Routing\Dispatcher->dispatch(Object(Cake\Network\Request), Object(Cake\Network\Response))
#7 {main}


2016-05-11 20:31:26 Warning: DebugKit not enabled. You need to either install pdo_sqlite, or define the "debug_kit" connection name.
2016-05-11 20:31:26 Error: [InvalidArgumentException] Invalid log level "sim"
Request URL: /we_party/articles/receivejson
Client IP: 127.0.0.1
Stack Trace:
#0 /var/www/html/we_party/vendor/cakephp/cakephp/src/Log/LogTrait.php(36): Cake\Log\Log::write('sim', 'debug', Array)
#1 /var/www/html/we_party/src/Controller/ArticlesController.php(43): Cake\Controller\Controller->log('debug', 'sim')
#2 [internal function]: App\Controller\ArticlesController->receivejson()
#3 /var/www/html/we_party/vendor/cakephp/cakephp/src/Controller/Controller.php(429): call_user_func_array(Array, Array)
#4 /var/www/html/we_party/vendor/cakephp/cakephp/src/Routing/Dispatcher.php(114): Cake\Controller\Controller->invokeAction()
#5 /var/www/html/we_party/vendor/cakephp/cakephp/src/Routing/Dispatcher.php(87): Cake\Routing\Dispatcher->_invoke(Object(App\Controller\ArticlesController))
#6 /var/www/html/we_party/webroot/index.php(37): Cake\Routing\Dispatcher->dispatch(Object(Cake\Network\Request), Object(Cake\Network\Response))
#7 {main}


2016-05-11 20:32:37 Warning: DebugKit not enabled. You need to either install pdo_sqlite, or define the "debug_kit" connection name.
2016-05-11 20:36:39 Warning: DebugKit not enabled. You need to either install pdo_sqlite, or define the "debug_kit" connection name.
2016-05-11 20:36:39 Warning: DebugKit not enabled. You need to either install pdo_sqlite, or define the "debug_kit" connection name.
2016-05-11 20:53:59 Warning: DebugKit not enabled. You need to either install pdo_sqlite, or define the "debug_kit" connection name.
2016-05-11 20:53:59 Error: [Cake\Controller\Exception\MissingActionException] Action ArticlesController::indexJson() could not be found, or is not accessible.
Exception Attributes: array (
  'controller' => 'ArticlesController',
  'action' => 'indexJson',
  'prefix' => '',
  'plugin' => NULL,
)
Request URL: /we_party/articles/index_json
Client IP: 127.0.0.1
Stack Trace:
#0 /var/www/html/we_party/vendor/cakephp/cakephp/src/Routing/Dispatcher.php(114): Cake\Controller\Controller->invokeAction()
#1 /var/www/html/we_party/vendor/cakephp/cakephp/src/Routing/Dispatcher.php(87): Cake\Routing\Dispatcher->_invoke(Object(App\Controller\ArticlesController))
#2 /var/www/html/we_party/webroot/index.php(37): Cake\Routing\Dispatcher->dispatch(Object(Cake\Network\Request), Object(Cake\Network\Response))
#3 {main}


2016-05-11 20:54:29 Warning: DebugKit not enabled. You need to either install pdo_sqlite, or define the "debug_kit" connection name.
2016-05-11 20:54:30 Error: Fatal Error (4): syntax error, unexpected '->' (T_OBJECT_OPERATOR) in [/var/www/html/we_party/src/Template/Articles/indexjson.ctp, line 4]
Request URL: /we_party/articles/indexjson
Client IP: 127.0.0.1
Trace:
Cake\Error\BaseErrorHandler::handleFatalError() - CORE/src/Error/BaseErrorHandler.php, line 215
Cake\Error\BaseErrorHandler::Cake\Error\{closure}() - CORE/src/Error/BaseErrorHandler.php, line 98
[main] - [internal], line ??



2016-05-11 20:54:30 Error: [Cake\Error\FatalErrorException] syntax error, unexpected '->' (T_OBJECT_OPERATOR)
Request URL: /we_party/articles/indexjson
Client IP: 127.0.0.1
Stack Trace:
#0 /var/www/html/we_party/vendor/cakephp/cakephp/src/Error/BaseErrorHandler.php(98): Cake\Error\BaseErrorHandler->handleFatalError(4, 'syntax error, u...', '/var/www/html/w...', 4)
#1 [internal function]: Cake\Error\BaseErrorHandler->Cake\Error\{closure}()
#2 {main}


2016-05-11 20:55:24 Warning: DebugKit not enabled. You need to either install pdo_sqlite, or define the "debug_kit" connection name.
2016-05-11 20:56:15 Warning: DebugKit not enabled. You need to either install pdo_sqlite, or define the "debug_kit" connection name.
2016-05-11 20:57:16 Warning: DebugKit not enabled. You need to either install pdo_sqlite, or define the "debug_kit" connection name.
2016-05-11 21:00:35 Warning: DebugKit not enabled. You need to either install pdo_sqlite, or define the "debug_kit" connection name.
2016-05-11 21:02:35 Warning: DebugKit not enabled. You need to either install pdo_sqlite, or define the "debug_kit" connection name.
2016-05-11 21:04:15 Warning: DebugKit not enabled. You need to either install pdo_sqlite, or define the "debug_kit" connection name.
2016-05-11 21:05:48 Warning: DebugKit not enabled. You need to either install pdo_sqlite, or define the "debug_kit" connection name.
2016-05-11 21:05:59 Warning: DebugKit not enabled. You need to either install pdo_sqlite, or define the "debug_kit" connection name.
2016-05-11 21:07:08 Warning: DebugKit not enabled. You need to either install pdo_sqlite, or define the "debug_kit" connection name.
2016-05-11 21:07:08 Error: Fatal Error (1): Cannot use object of type Cake\ORM\Query as array in [/var/www/html/we_party/src/Controller/ArticlesController.php, line 26]
Request URL: /we_party/articles/indexjson
Client IP: 127.0.0.1
Trace:
Cake\Error\BaseErrorHandler::handleFatalError() - CORE/src/Error/BaseErrorHandler.php, line 215
Cake\Error\BaseErrorHandler::Cake\Error\{closure}() - CORE/src/Error/BaseErrorHandler.php, line 98
[main] - [internal], line ??



2016-05-11 21:07:08 Error: [Cake\Error\FatalErrorException] Cannot use object of type Cake\ORM\Query as array
Request URL: /we_party/articles/indexjson
Client IP: 127.0.0.1
Stack Trace:
#0 /var/www/html/we_party/vendor/cakephp/cakephp/src/Error/BaseErrorHandler.php(98): Cake\Error\BaseErrorHandler->handleFatalError(1, 'Cannot use obje...', '/var/www/html/w...', 26)
#1 [internal function]: Cake\Error\BaseErrorHandler->Cake\Error\{closure}()
#2 {main}


2016-05-11 21:08:19 Warning: DebugKit not enabled. You need to either install pdo_sqlite, or define the "debug_kit" connection name.
2016-05-11 21:09:49 Warning: DebugKit not enabled. You need to either install pdo_sqlite, or define the "debug_kit" connection name.
2016-05-11 21:10:47 Warning: DebugKit not enabled. You need to either install pdo_sqlite, or define the "debug_kit" connection name.
2016-05-11 21:11:16 Warning: DebugKit not enabled. You need to either install pdo_sqlite, or define the "debug_kit" connection name.
2016-05-11 21:30:52 Warning: DebugKit not enabled. You need to either install pdo_sqlite, or define the "debug_kit" connection name.
2016-05-11 21:31:11 Warning: DebugKit not enabled. You need to either install pdo_sqlite, or define the "debug_kit" connection name.
2016-05-11 21:31:17 Warning: DebugKit not enabled. You need to either install pdo_sqlite, or define the "debug_kit" connection name.
2016-05-11 21:31:28 Warning: DebugKit not enabled. You need to either install pdo_sqlite, or define the "debug_kit" connection name.
2016-05-11 21:33:01 Warning: DebugKit not enabled. You need to either install pdo_sqlite, or define the "debug_kit" connection name.
2016-05-11 21:33:01 Warning: DebugKit not enabled. You need to either install pdo_sqlite, or define the "debug_kit" connection name.
2016-05-11 21:35:14 Warning: DebugKit not enabled. You need to either install pdo_sqlite, or define the "debug_kit" connection name.
2016-05-11 21:35:14 Warning: DebugKit not enabled. You need to either install pdo_sqlite, or define the "debug_kit" connection name.
2016-05-11 21:36:18 Warning: DebugKit not enabled. You need to either install pdo_sqlite, or define the "debug_kit" connection name.
2016-05-11 21:36:18 Warning: DebugKit not enabled. You need to either install pdo_sqlite, or define the "debug_kit" connection name.
2016-05-11 21:37:01 Warning: DebugKit not enabled. You need to either install pdo_sqlite, or define the "debug_kit" connection name.
2016-05-11 21:37:01 Warning: DebugKit not enabled. You need to either install pdo_sqlite, or define the "debug_kit" connection name.
2016-05-11 21:37:30 Warning: DebugKit not enabled. You need to either install pdo_sqlite, or define the "debug_kit" connection name.
2016-05-11 21:37:30 Warning: DebugKit not enabled. You need to either install pdo_sqlite, or define the "debug_kit" connection name.
2016-05-12 22:45:39 Warning: DebugKit not enabled. You need to either install pdo_sqlite, or define the "debug_kit" connection name.
2016-05-12 22:46:11 Warning: DebugKit not enabled. You need to either install pdo_sqlite, or define the "debug_kit" connection name.
2016-05-12 23:12:39 Warning: DebugKit not enabled. You need to either install pdo_sqlite, or define the "debug_kit" connection name.
2016-05-12 23:12:39 Warning: DebugKit not enabled. You need to either install pdo_sqlite, or define the "debug_kit" connection name.
2016-05-12 23:42:29 Warning: DebugKit not enabled. You need to either install pdo_sqlite, or define the "debug_kit" connection name.
2016-05-12 23:42:30 Error: [Cake\Routing\Exception\MissingControllerException] Controller class Parties could not be found.
Exception Attributes: array (
  'class' => 'Parties',
  'plugin' => NULL,
  'prefix' => NULL,
  '_ext' => NULL,
)
Request URL: /we_party/parties/create
Client IP: 127.0.0.1
Stack Trace:
#0 /var/www/html/we_party/webroot/index.php(37): Cake\Routing\Dispatcher->dispatch(Object(Cake\Network\Request), Object(Cake\Network\Response))
#1 {main}


2016-05-12 23:43:17 Warning: DebugKit not enabled. You need to either install pdo_sqlite, or define the "debug_kit" connection name.
2016-05-12 23:43:17 Error: [Cake\Routing\Exception\MissingControllerException] Controller class Parties could not be found.
Exception Attributes: array (
  'class' => 'Parties',
  'plugin' => NULL,
  'prefix' => NULL,
  '_ext' => NULL,
)
Request URL: /we_party/parties/create
Client IP: 127.0.0.1
Stack Trace:
#0 /var/www/html/we_party/webroot/index.php(37): Cake\Routing\Dispatcher->dispatch(Object(Cake\Network\Request), Object(Cake\Network\Response))
#1 {main}


2016-05-12 23:44:00 Warning: DebugKit not enabled. You need to either install pdo_sqlite, or define the "debug_kit" connection name.
2016-05-12 23:44:00 Error: Fatal Error (1): Call to a member function newEntity() on a non-object in [/var/www/html/we_party/src/Controller/PartiesController.php, line 83]
Request URL: /we_party/parties/create
Client IP: 127.0.0.1
Trace:
Cake\Error\BaseErrorHandler::handleFatalError() - CORE/src/Error/BaseErrorHandler.php, line 215
Cake\Error\BaseErrorHandler::Cake\Error\{closure}() - CORE/src/Error/BaseErrorHandler.php, line 98
[main] - [internal], line ??



2016-05-12 23:44:00 Error: [Cake\Error\FatalErrorException] Call to a member function newEntity() on a non-object
Request URL: /we_party/parties/create
Client IP: 127.0.0.1
Stack Trace:
#0 /var/www/html/we_party/vendor/cakephp/cakephp/src/Error/BaseErrorHandler.php(98): Cake\Error\BaseErrorHandler->handleFatalError(1, 'Call to a membe...', '/var/www/html/w...', 83)
#1 [internal function]: Cake\Error\BaseErrorHandler->Cake\Error\{closure}()
#2 {main}


2016-05-12 23:49:24 Warning: DebugKit not enabled. You need to either install pdo_sqlite, or define the "debug_kit" connection name.
2016-05-12 23:49:24 Error: Fatal Error (1): Call to a member function newEntity() on a non-object in [/var/www/html/we_party/src/Controller/PartiesController.php, line 83]
Request URL: /we_party/parties/create
Client IP: 127.0.0.1
Trace:
Cake\Error\BaseErrorHandler::handleFatalError() - CORE/src/Error/BaseErrorHandler.php, line 215
Cake\Error\BaseErrorHandler::Cake\Error\{closure}() - CORE/src/Error/BaseErrorHandler.php, line 98
[main] - [internal], line ??



2016-05-12 23:49:24 Error: [Cake\Error\FatalErrorException] Call to a member function newEntity() on a non-object
Request URL: /we_party/parties/create
Client IP: 127.0.0.1
Stack Trace:
#0 /var/www/html/we_party/vendor/cakephp/cakephp/src/Error/BaseErrorHandler.php(98): Cake\Error\BaseErrorHandler->handleFatalError(1, 'Call to a membe...', '/var/www/html/w...', 83)
#1 [internal function]: Cake\Error\BaseErrorHandler->Cake\Error\{closure}()
#2 {main}


2016-05-12 23:50:40 Warning: DebugKit not enabled. You need to either install pdo_sqlite, or define the "debug_kit" connection name.
2016-05-12 23:51:30 Warning: DebugKit not enabled. You need to either install pdo_sqlite, or define the "debug_kit" connection name.
2016-05-12 23:52:12 Warning: DebugKit not enabled. You need to either install pdo_sqlite, or define the "debug_kit" connection name.
2016-05-12 23:52:25 Warning: DebugKit not enabled. You need to either install pdo_sqlite, or define the "debug_kit" connection name.
2016-05-12 23:52:26 Warning: Warning (2): Creating default object from empty value in [/var/www/html/we_party/src/Controller/PartiesController.php, line 94]
Request URL: /we_party/parties/create
Client IP: 127.0.0.1
Trace:
Cake\Error\BaseErrorHandler::handleError() - CORE/src/Error/BaseErrorHandler.php, line 146
App\Controller\PartiesController::create() - APP/Controller/PartiesController.php, line 94
Cake\Controller\Controller::invokeAction() - CORE/src/Controller/Controller.php, line 429
Cake\Routing\Dispatcher::_invoke() - CORE/src/Routing/Dispatcher.php, line 114
Cake\Routing\Dispatcher::dispatch() - CORE/src/Routing/Dispatcher.php, line 87
[main] - ROOT/webroot/index.php, line 37



2016-05-12 23:53:04 Warning: DebugKit not enabled. You need to either install pdo_sqlite, or define the "debug_kit" connection name.
2016-05-12 23:53:04 Error: Fatal Error (1): Class 'App\Controller\stdClass' not found in [/var/www/html/we_party/src/Controller/PartiesController.php, line 81]
Request URL: /we_party/parties/create
Client IP: 127.0.0.1
Trace:
Cake\Error\BaseErrorHandler::handleFatalError() - CORE/src/Error/BaseErrorHandler.php, line 215
Cake\Error\BaseErrorHandler::Cake\Error\{closure}() - CORE/src/Error/BaseErrorHandler.php, line 98
[main] - [internal], line ??



2016-05-12 23:53:04 Error: [Cake\Error\FatalErrorException] Class 'App\Controller\stdClass' not found
Request URL: /we_party/parties/create
Client IP: 127.0.0.1
Stack Trace:
#0 /var/www/html/we_party/vendor/cakephp/cakephp/src/Error/BaseErrorHandler.php(98): Cake\Error\BaseErrorHandler->handleFatalError(1, 'Class 'App\Cont...', '/var/www/html/w...', 81)
#1 [internal function]: Cake\Error\BaseErrorHandler->Cake\Error\{closure}()
#2 {main}


2016-05-12 23:53:48 Warning: DebugKit not enabled. You need to either install pdo_sqlite, or define the "debug_kit" connection name.
2016-05-12 23:53:48 Error: Fatal Error (1): Class 'App\Controller\stdClass' not found in [/var/www/html/we_party/src/Controller/PartiesController.php, line 81]
Request URL: /we_party/parties/create
Client IP: 127.0.0.1
Trace:
Cake\Error\BaseErrorHandler::handleFatalError() - CORE/src/Error/BaseErrorHandler.php, line 215
Cake\Error\BaseErrorHandler::Cake\Error\{closure}() - CORE/src/Error/BaseErrorHandler.php, line 98
[main] - [internal], line ??



2016-05-12 23:53:48 Error: [Cake\Error\FatalErrorException] Class 'App\Controller\stdClass' not found
Request URL: /we_party/parties/create
Client IP: 127.0.0.1
Stack Trace:
#0 /var/www/html/we_party/vendor/cakephp/cakephp/src/Error/BaseErrorHandler.php(98): Cake\Error\BaseErrorHandler->handleFatalError(1, 'Class 'App\Cont...', '/var/www/html/w...', 81)
#1 [internal function]: Cake\Error\BaseErrorHandler->Cake\Error\{closure}()
#2 {main}


2016-05-12 23:56:21 Warning: DebugKit not enabled. You need to either install pdo_sqlite, or define the "debug_kit" connection name.
2016-05-12 23:57:48 Warning: DebugKit not enabled. You need to either install pdo_sqlite, or define the "debug_kit" connection name.
2016-05-12 23:58:49 Warning: DebugKit not enabled. You need to either install pdo_sqlite, or define the "debug_kit" connection name.
2016-05-13 00:01:29 Warning: DebugKit not enabled. You need to either install pdo_sqlite, or define the "debug_kit" connection name.
2016-05-13 00:03:50 Warning: DebugKit not enabled. You need to either install pdo_sqlite, or define the "debug_kit" connection name.
2016-05-13 00:03:50 Error: Fatal Error (4): syntax error, unexpected 'if' (T_IF) in [/var/www/html/we_party/src/Controller/PartiesController.php, line 95]
Request URL: /we_party/parties/create
Client IP: 10.1.0.5
Trace:
Cake\Error\BaseErrorHandler::handleFatalError() - CORE/src/Error/BaseErrorHandler.php, line 215
Cake\Error\BaseErrorHandler::Cake\Error\{closure}() - CORE/src/Error/BaseErrorHandler.php, line 98
[main] - [internal], line ??



2016-05-13 00:03:50 Error: [Cake\Error\FatalErrorException] syntax error, unexpected 'if' (T_IF)
Request URL: /we_party/parties/create
Client IP: 10.1.0.5
Stack Trace:
#0 /var/www/html/we_party/vendor/cakephp/cakephp/src/Error/BaseErrorHandler.php(98): Cake\Error\BaseErrorHandler->handleFatalError(4, 'syntax error, u...', '/var/www/html/w...', 95)
#1 [internal function]: Cake\Error\BaseErrorHandler->Cake\Error\{closure}()
#2 {main}


2016-05-13 00:04:25 Warning: DebugKit not enabled. You need to either install pdo_sqlite, or define the "debug_kit" connection name.
2016-05-13 00:04:25 Error: Fatal Error (4): syntax error, unexpected 'if' (T_IF) in [/var/www/html/we_party/src/Controller/PartiesController.php, line 95]
Request URL: /we_party/parties/create
Client IP: 10.1.0.5
Trace:
Cake\Error\BaseErrorHandler::handleFatalError() - CORE/src/Error/BaseErrorHandler.php, line 215
Cake\Error\BaseErrorHandler::Cake\Error\{closure}() - CORE/src/Error/BaseErrorHandler.php, line 98
[main] - [internal], line ??



2016-05-13 00:04:25 Error: [Cake\Error\FatalErrorException] syntax error, unexpected 'if' (T_IF)
Request URL: /we_party/parties/create
Client IP: 10.1.0.5
Stack Trace:
#0 /var/www/html/we_party/vendor/cakephp/cakephp/src/Error/BaseErrorHandler.php(98): Cake\Error\BaseErrorHandler->handleFatalError(4, 'syntax error, u...', '/var/www/html/w...', 95)
#1 [internal function]: Cake\Error\BaseErrorHandler->Cake\Error\{closure}()
#2 {main}


2016-05-13 00:06:04 Warning: DebugKit not enabled. You need to either install pdo_sqlite, or define the "debug_kit" connection name.
2016-05-13 00:44:43 Warning: DebugKit not enabled. You need to either install pdo_sqlite, or define the "debug_kit" connection name.
2016-05-13 00:52:17 Warning: DebugKit not enabled. You need to either install pdo_sqlite, or define the "debug_kit" connection name.
2016-05-13 00:54:13 Warning: DebugKit not enabled. You need to either install pdo_sqlite, or define the "debug_kit" connection name.
2016-05-13 01:18:31 Warning: DebugKit not enabled. You need to either install pdo_sqlite, or define the "debug_kit" connection name.
2016-05-13 22:08:11 Warning: DebugKit not enabled. You need to either install pdo_sqlite, or define the "debug_kit" connection name.
2016-05-13 22:08:12 Error: [PDOException] SQLSTATE[23000]: Integrity constraint violation: 1048 Column 'user_id' cannot be null
Request URL: /we_party/parties/create
Client IP: 127.0.0.1
Stack Trace:
#0 /var/www/html/we_party/vendor/cakephp/cakephp/src/Database/Statement/MysqlStatement.php(36): PDOStatement->execute(NULL)
#1 /var/www/html/we_party/vendor/cakephp/cakephp/src/Database/Connection.php(272): Cake\Database\Statement\MysqlStatement->execute()
#2 /var/www/html/we_party/vendor/cakephp/cakephp/src/Database/Query.php(188): Cake\Database\Connection->run(Object(Cake\ORM\Query))
#3 /var/www/html/we_party/vendor/cakephp/cakephp/src/ORM/Table.php(1544): Cake\Database\Query->execute()
#4 /var/www/html/we_party/vendor/cakephp/cakephp/src/ORM/Table.php(1460): Cake\ORM\Table->_insert(Object(Cake\ORM\Entity), Array)
#5 /var/www/html/we_party/vendor/cakephp/cakephp/src/ORM/Table.php(1391): Cake\ORM\Table->_processSave(Object(Cake\ORM\Entity), Object(ArrayObject))
#6 /var/www/html/we_party/vendor/cakephp/cakephp/src/Database/Connection.php(559): Cake\ORM\Table->Cake\ORM\{closure}(Object(Cake\Database\Connection))
#7 /var/www/html/we_party/vendor/cakephp/cakephp/src/ORM/Table.php(1392): Cake\Database\Connection->transactional(Object(Closure))
#8 /var/www/html/we_party/src/Controller/PartiesController.php(33): Cake\ORM\Table->save(Object(Cake\ORM\Entity))
#9 [internal function]: App\Controller\PartiesController->create()
#10 /var/www/html/we_party/vendor/cakephp/cakephp/src/Controller/Controller.php(429): call_user_func_array(Array, Array)
#11 /var/www/html/we_party/vendor/cakephp/cakephp/src/Routing/Dispatcher.php(114): Cake\Controller\Controller->invokeAction()
#12 /var/www/html/we_party/vendor/cakephp/cakephp/src/Routing/Dispatcher.php(87): Cake\Routing\Dispatcher->_invoke(Object(App\Controller\PartiesController))
#13 /var/www/html/we_party/webroot/index.php(37): Cake\Routing\Dispatcher->dispatch(Object(Cake\Network\Request), Object(Cake\Network\Response))
#14 {main}


2016-05-13 22:12:05 Warning: DebugKit not enabled. You need to either install pdo_sqlite, or define the "debug_kit" connection name.
2016-05-13 22:15:21 Warning: DebugKit not enabled. You need to either install pdo_sqlite, or define the "debug_kit" connection name.
2016-05-13 22:52:40 Warning: DebugKit not enabled. You need to either install pdo_sqlite, or define the "debug_kit" connection name.
2016-05-13 23:25:45 Warning: DebugKit not enabled. You need to either install pdo_sqlite, or define the "debug_kit" connection name.
2016-05-13 23:25:45 Error: [Cake\Controller\Exception\MissingActionException] Action UsersController::registration() could not be found, or is not accessible.
Exception Attributes: array (
  'controller' => 'UsersController',
  'action' => 'registration',
  'prefix' => '',
  'plugin' => NULL,
)
Request URL: /we_party/users/registration
Client IP: 127.0.0.1
Stack Trace:
#0 /var/www/html/we_party/vendor/cakephp/cakephp/src/Routing/Dispatcher.php(114): Cake\Controller\Controller->invokeAction()
#1 /var/www/html/we_party/vendor/cakephp/cakephp/src/Routing/Dispatcher.php(87): Cake\Routing\Dispatcher->_invoke(Object(App\Controller\UsersController))
#2 /var/www/html/we_party/webroot/index.php(37): Cake\Routing\Dispatcher->dispatch(Object(Cake\Network\Request), Object(Cake\Network\Response))
#3 {main}


2016-05-13 23:26:53 Warning: DebugKit not enabled. You need to either install pdo_sqlite, or define the "debug_kit" connection name.
2016-05-13 23:26:53 Warning: Warning (4096): Argument 1 passed to Cake\ORM\Table::save() must implement interface Cake\Datasource\EntityInterface, null given, called in /var/www/html/we_party/src/Controller/UsersController.php on line 33 and defined in [/var/www/html/we_party/vendor/cakephp/cakephp/src/ORM/Table.php, line 1370]
Request URL: /we_party/users/registration
Client IP: 127.0.0.1
Trace:
Cake\Error\BaseErrorHandler::handleError() - CORE/src/Error/BaseErrorHandler.php, line 146
Cake\ORM\Table::save() - CORE/src/ORM/Table.php, line 1370
App\Controller\UsersController::registration() - APP/Controller/UsersController.php, line 33
Cake\Controller\Controller::invokeAction() - CORE/src/Controller/Controller.php, line 429
Cake\Routing\Dispatcher::_invoke() - CORE/src/Routing/Dispatcher.php, line 114
Cake\Routing\Dispatcher::dispatch() - CORE/src/Routing/Dispatcher.php, line 87
[main] - ROOT/webroot/index.php, line 37



2016-05-13 23:26:53 Error: Fatal Error (1): Call to a member function errors() on a non-object in [/var/www/html/we_party/vendor/cakephp/cakephp/src/ORM/Table.php, line 1380]
Request URL: /we_party/users/registration
Client IP: 127.0.0.1
Trace:
Cake\Error\BaseErrorHandler::handleFatalError() - CORE/src/Error/BaseErrorHandler.php, line 215
Cake\Error\BaseErrorHandler::Cake\Error\{closure}() - CORE/src/Error/BaseErrorHandler.php, line 98
[main] - [internal], line ??



2016-05-13 23:26:53 Error: [Cake\Error\FatalErrorException] Call to a member function errors() on a non-object
Request URL: /we_party/users/registration
Client IP: 127.0.0.1
Stack Trace:
#0 /var/www/html/we_party/vendor/cakephp/cakephp/src/Error/BaseErrorHandler.php(98): Cake\Error\BaseErrorHandler->handleFatalError(1, 'Call to a membe...', '/var/www/html/w...', 1380)
#1 [internal function]: Cake\Error\BaseErrorHandler->Cake\Error\{closure}()
#2 {main}


2016-05-13 23:27:39 Warning: DebugKit not enabled. You need to either install pdo_sqlite, or define the "debug_kit" connection name.
2016-05-13 23:28:51 Warning: DebugKit not enabled. You need to either install pdo_sqlite, or define the "debug_kit" connection name.
2016-05-23 22:23:36 Warning: DebugKit not enabled. You need to either install pdo_sqlite, or define the "debug_kit" connection name.
2016-05-23 22:30:58 Warning: DebugKit not enabled. You need to either install pdo_sqlite, or define the "debug_kit" connection name.
2016-05-23 22:33:00 Warning: DebugKit not enabled. You need to either install pdo_sqlite, or define the "debug_kit" connection name.
2016-05-23 22:47:56 Warning: DebugKit not enabled. You need to either install pdo_sqlite, or define the "debug_kit" connection name.
2016-05-23 22:54:07 Warning: DebugKit not enabled. You need to either install pdo_sqlite, or define the "debug_kit" connection name.
2016-05-23 22:59:04 Warning: DebugKit not enabled. You need to either install pdo_sqlite, or define the "debug_kit" connection name.
2016-05-23 23:01:52 Warning: DebugKit not enabled. You need to either install pdo_sqlite, or define the "debug_kit" connection name.
2016-05-24 00:08:13 Warning: DebugKit not enabled. You need to either install pdo_sqlite, or define the "debug_kit" connection name.
2016-05-24 00:09:10 Warning: DebugKit not enabled. You need to either install pdo_sqlite, or define the "debug_kit" connection name.
2016-05-24 00:11:15 Warning: DebugKit not enabled. You need to either install pdo_sqlite, or define the "debug_kit" connection name.
2016-05-24 00:17:07 Warning: DebugKit not enabled. You need to either install pdo_sqlite, or define the "debug_kit" connection name.
2016-05-24 00:17:08 Error: [PDOException] SQLSTATE[42S22]: Column not found: 1054 Unknown column 'User.email' in 'where clause'
Request URL: /we_party/users/login
Client IP: 127.0.0.1
Stack Trace:
#0 /var/www/html/we_party/vendor/cakephp/cakephp/src/Database/Statement/MysqlStatement.php(36): PDOStatement->execute(NULL)
#1 /var/www/html/we_party/vendor/cakephp/cakephp/src/Database/Connection.php(272): Cake\Database\Statement\MysqlStatement->execute()
#2 /var/www/html/we_party/vendor/cakephp/cakephp/src/Database/Query.php(188): Cake\Database\Connection->run(Object(Cake\ORM\Query))
#3 /var/www/html/we_party/vendor/cakephp/cakephp/src/ORM/Query.php(921): Cake\Database\Query->execute()
#4 /var/www/html/we_party/vendor/cakephp/cakephp/src/Datasource/QueryTrait.php(272): Cake\ORM\Query->_execute()
#5 /var/www/html/we_party/vendor/cakephp/cakephp/src/ORM/Query.php(871): Cake\ORM\Query->_all()
#6 /var/www/html/we_party/vendor/cakephp/cakephp/src/Datasource/QueryTrait.php(288): Cake\ORM\Query->all()
#7 /var/www/html/we_party/src/Controller/UsersController.php(29): Cake\ORM\Query->toArray()
#8 [internal function]: App\Controller\UsersController->login()
#9 /var/www/html/we_party/vendor/cakephp/cakephp/src/Controller/Controller.php(429): call_user_func_array(Array, Array)
#10 /var/www/html/we_party/vendor/cakephp/cakephp/src/Routing/Dispatcher.php(114): Cake\Controller\Controller->invokeAction()
#11 /var/www/html/we_party/vendor/cakephp/cakephp/src/Routing/Dispatcher.php(87): Cake\Routing\Dispatcher->_invoke(Object(App\Controller\UsersController))
#12 /var/www/html/we_party/webroot/index.php(37): Cake\Routing\Dispatcher->dispatch(Object(Cake\Network\Request), Object(Cake\Network\Response))
#13 {main}


2016-05-24 00:17:56 Warning: DebugKit not enabled. You need to either install pdo_sqlite, or define the "debug_kit" connection name.
2016-05-24 00:18:59 Warning: DebugKit not enabled. You need to either install pdo_sqlite, or define the "debug_kit" connection name.
2016-05-24 00:19:51 Warning: DebugKit not enabled. You need to either install pdo_sqlite, or define the "debug_kit" connection name.
2016-05-24 00:20:33 Warning: DebugKit not enabled. You need to either install pdo_sqlite, or define the "debug_kit" connection name.
2016-05-24 00:21:22 Warning: DebugKit not enabled. You need to either install pdo_sqlite, or define the "debug_kit" connection name.
2016-05-24 00:34:20 Warning: DebugKit not enabled. You need to either install pdo_sqlite, or define the "debug_kit" connection name.
2016-05-24 00:34:33 Warning: DebugKit not enabled. You need to either install pdo_sqlite, or define the "debug_kit" connection name.
2016-05-24 00:34:43 Warning: DebugKit not enabled. You need to either install pdo_sqlite, or define the "debug_kit" connection name.
2016-05-24 00:36:58 Warning: DebugKit not enabled. You need to either install pdo_sqlite, or define the "debug_kit" connection name.
2016-05-27 19:53:05 Warning: DebugKit not enabled. You need to either install pdo_sqlite, or define the "debug_kit" connection name.
2016-05-27 20:04:51 Warning: DebugKit not enabled. You need to either install pdo_sqlite, or define the "debug_kit" connection name.
2016-05-27 20:28:23 Warning: DebugKit not enabled. You need to either install pdo_sqlite, or define the "debug_kit" connection name.
2016-05-27 20:28:24 Warning: Warning (4096): Argument 1 passed to Cake\ORM\Table::save() must implement interface Cake\Datasource\EntityInterface, instance of Cake\ORM\Query given, called in /var/www/html/we_party/src/Controller/UsersController.php on line 78 and defined in [/var/www/html/we_party/vendor/cakephp/cakephp/src/ORM/Table.php, line 1370]
Request URL: /we_party/users/registration
Client IP: 10.1.0.5
Trace:
Cake\Error\BaseErrorHandler::handleError() - CORE/src/Error/BaseErrorHandler.php, line 146
Cake\ORM\Table::save() - CORE/src/ORM/Table.php, line 1370
App\Controller\UsersController::registration() - APP/Controller/UsersController.php, line 78
Cake\Controller\Controller::invokeAction() - CORE/src/Controller/Controller.php, line 429
Cake\Routing\Dispatcher::_invoke() - CORE/src/Routing/Dispatcher.php, line 114
Cake\Routing\Dispatcher::dispatch() - CORE/src/Routing/Dispatcher.php, line 87
[main] - ROOT/webroot/index.php, line 37



2016-05-27 20:28:24 Error: [BadMethodCallException] Unknown method "errors"
Request URL: /we_party/users/registration
Client IP: 10.1.0.5
Stack Trace:
#0 /var/www/html/we_party/vendor/cakephp/cakephp/src/ORM/Query.php(1077): Cake\ORM\Query->_call('errors', Array)
#1 /var/www/html/we_party/vendor/cakephp/cakephp/src/ORM/Table.php(1380): Cake\ORM\Query->__call('errors', Array)
#2 /var/www/html/we_party/vendor/cakephp/cakephp/src/ORM/Table.php(1380): Cake\ORM\Query->errors()
#3 /var/www/html/we_party/src/Controller/UsersController.php(78): Cake\ORM\Table->save(Object(Cake\ORM\Query))
#4 [internal function]: App\Controller\UsersController->registration()
#5 /var/www/html/we_party/vendor/cakephp/cakephp/src/Controller/Controller.php(429): call_user_func_array(Array, Array)
#6 /var/www/html/we_party/vendor/cakephp/cakephp/src/Routing/Dispatcher.php(114): Cake\Controller\Controller->invokeAction()
#7 /var/www/html/we_party/vendor/cakephp/cakephp/src/Routing/Dispatcher.php(87): Cake\Routing\Dispatcher->_invoke(Object(App\Controller\UsersController))
#8 /var/www/html/we_party/webroot/index.php(37): Cake\Routing\Dispatcher->dispatch(Object(Cake\Network\Request), Object(Cake\Network\Response))
#9 {main}


2016-05-27 20:30:11 Warning: DebugKit not enabled. You need to either install pdo_sqlite, or define the "debug_kit" connection name.
2016-05-27 20:30:11 Warning: Warning (4096): Argument 1 passed to Cake\ORM\Table::save() must implement interface Cake\Datasource\EntityInterface, instance of Cake\ORM\Query given, called in /var/www/html/we_party/src/Controller/UsersController.php on line 78 and defined in [/var/www/html/we_party/vendor/cakephp/cakephp/src/ORM/Table.php, line 1370]
Request URL: /we_party/users/registration
Client IP: 10.1.0.5
Trace:
Cake\Error\BaseErrorHandler::handleError() - CORE/src/Error/BaseErrorHandler.php, line 146
Cake\ORM\Table::save() - CORE/src/ORM/Table.php, line 1370
App\Controller\UsersController::registration() - APP/Controller/UsersController.php, line 78
Cake\Controller\Controller::invokeAction() - CORE/src/Controller/Controller.php, line 429
Cake\Routing\Dispatcher::_invoke() - CORE/src/Routing/Dispatcher.php, line 114
Cake\Routing\Dispatcher::dispatch() - CORE/src/Routing/Dispatcher.php, line 87
[main] - ROOT/webroot/index.php, line 37



2016-05-27 20:30:11 Error: [BadMethodCallException] Unknown method "errors"
Request URL: /we_party/users/registration
Client IP: 10.1.0.5
Stack Trace:
#0 /var/www/html/we_party/vendor/cakephp/cakephp/src/ORM/Query.php(1077): Cake\ORM\Query->_call('errors', Array)
#1 /var/www/html/we_party/vendor/cakephp/cakephp/src/ORM/Table.php(1380): Cake\ORM\Query->__call('errors', Array)
#2 /var/www/html/we_party/vendor/cakephp/cakephp/src/ORM/Table.php(1380): Cake\ORM\Query->errors()
#3 /var/www/html/we_party/src/Controller/UsersController.php(78): Cake\ORM\Table->save(Object(Cake\ORM\Query))
#4 [internal function]: App\Controller\UsersController->registration()
#5 /var/www/html/we_party/vendor/cakephp/cakephp/src/Controller/Controller.php(429): call_user_func_array(Array, Array)
#6 /var/www/html/we_party/vendor/cakephp/cakephp/src/Routing/Dispatcher.php(114): Cake\Controller\Controller->invokeAction()
#7 /var/www/html/we_party/vendor/cakephp/cakephp/src/Routing/Dispatcher.php(87): Cake\Routing\Dispatcher->_invoke(Object(App\Controller\UsersController))
#8 /var/www/html/we_party/webroot/index.php(37): Cake\Routing\Dispatcher->dispatch(Object(Cake\Network\Request), Object(Cake\Network\Response))
#9 {main}


2016-05-27 20:34:02 Warning: DebugKit not enabled. You need to either install pdo_sqlite, or define the "debug_kit" connection name.
2016-05-27 20:34:02 Warning: Warning (4096): Argument 1 passed to Cake\ORM\Table::save() must implement interface Cake\Datasource\EntityInterface, instance of Cake\ORM\Query given, called in /var/www/html/we_party/src/Controller/UsersController.php on line 78 and defined in [/var/www/html/we_party/vendor/cakephp/cakephp/src/ORM/Table.php, line 1370]
Request URL: /we_party/users/registration
Client IP: 10.1.0.5
Trace:
Cake\Error\BaseErrorHandler::handleError() - CORE/src/Error/BaseErrorHandler.php, line 146
Cake\ORM\Table::save() - CORE/src/ORM/Table.php, line 1370
App\Controller\UsersController::registration() - APP/Controller/UsersController.php, line 78
Cake\Controller\Controller::invokeAction() - CORE/src/Controller/Controller.php, line 429
Cake\Routing\Dispatcher::_invoke() - CORE/src/Routing/Dispatcher.php, line 114
Cake\Routing\Dispatcher::dispatch() - CORE/src/Routing/Dispatcher.php, line 87
[main] - ROOT/webroot/index.php, line 37



2016-05-27 20:34:02 Error: [BadMethodCallException] Unknown method "errors"
Request URL: /we_party/users/registration
Client IP: 10.1.0.5
Stack Trace:
#0 /var/www/html/we_party/vendor/cakephp/cakephp/src/ORM/Query.php(1077): Cake\ORM\Query->_call('errors', Array)
#1 /var/www/html/we_party/vendor/cakephp/cakephp/src/ORM/Table.php(1380): Cake\ORM\Query->__call('errors', Array)
#2 /var/www/html/we_party/vendor/cakephp/cakephp/src/ORM/Table.php(1380): Cake\ORM\Query->errors()
#3 /var/www/html/we_party/src/Controller/UsersController.php(78): Cake\ORM\Table->save(Object(Cake\ORM\Query))
#4 [internal function]: App\Controller\UsersController->registration()
#5 /var/www/html/we_party/vendor/cakephp/cakephp/src/Controller/Controller.php(429): call_user_func_array(Array, Array)
#6 /var/www/html/we_party/vendor/cakephp/cakephp/src/Routing/Dispatcher.php(114): Cake\Controller\Controller->invokeAction()
#7 /var/www/html/we_party/vendor/cakephp/cakephp/src/Routing/Dispatcher.php(87): Cake\Routing\Dispatcher->_invoke(Object(App\Controller\UsersController))
#8 /var/www/html/we_party/webroot/index.php(37): Cake\Routing\Dispatcher->dispatch(Object(Cake\Network\Request), Object(Cake\Network\Response))
#9 {main}


2016-05-27 20:35:01 Warning: DebugKit not enabled. You need to either install pdo_sqlite, or define the "debug_kit" connection name.
2016-05-27 20:35:01 Warning: Warning (4096): Argument 1 passed to Cake\ORM\Table::save() must implement interface Cake\Datasource\EntityInterface, instance of Cake\ORM\Query given, called in /var/www/html/we_party/src/Controller/UsersController.php on line 78 and defined in [/var/www/html/we_party/vendor/cakephp/cakephp/src/ORM/Table.php, line 1370]
Request URL: /we_party/users/registration
Client IP: 127.0.0.1
Trace:
Cake\Error\BaseErrorHandler::handleError() - CORE/src/Error/BaseErrorHandler.php, line 146
Cake\ORM\Table::save() - CORE/src/ORM/Table.php, line 1370
App\Controller\UsersController::registration() - APP/Controller/UsersController.php, line 78
Cake\Controller\Controller::invokeAction() - CORE/src/Controller/Controller.php, line 429
Cake\Routing\Dispatcher::_invoke() - CORE/src/Routing/Dispatcher.php, line 114
Cake\Routing\Dispatcher::dispatch() - CORE/src/Routing/Dispatcher.php, line 87
[main] - ROOT/webroot/index.php, line 37



2016-05-27 20:35:01 Error: [BadMethodCallException] Unknown method "errors"
Request URL: /we_party/users/registration
Client IP: 127.0.0.1
Stack Trace:
#0 /var/www/html/we_party/vendor/cakephp/cakephp/src/ORM/Query.php(1077): Cake\ORM\Query->_call('errors', Array)
#1 /var/www/html/we_party/vendor/cakephp/cakephp/src/ORM/Table.php(1380): Cake\ORM\Query->__call('errors', Array)
#2 /var/www/html/we_party/vendor/cakephp/cakephp/src/ORM/Table.php(1380): Cake\ORM\Query->errors()
#3 /var/www/html/we_party/src/Controller/UsersController.php(78): Cake\ORM\Table->save(Object(Cake\ORM\Query))
#4 [internal function]: App\Controller\UsersController->registration()
#5 /var/www/html/we_party/vendor/cakephp/cakephp/src/Controller/Controller.php(429): call_user_func_array(Array, Array)
#6 /var/www/html/we_party/vendor/cakephp/cakephp/src/Routing/Dispatcher.php(114): Cake\Controller\Controller->invokeAction()
#7 /var/www/html/we_party/vendor/cakephp/cakephp/src/Routing/Dispatcher.php(87): Cake\Routing\Dispatcher->_invoke(Object(App\Controller\UsersController))
#8 /var/www/html/we_party/webroot/index.php(37): Cake\Routing\Dispatcher->dispatch(Object(Cake\Network\Request), Object(Cake\Network\Response))
#9 {main}


2016-05-27 20:37:03 Warning: DebugKit not enabled. You need to either install pdo_sqlite, or define the "debug_kit" connection name.
2016-05-27 20:37:03 Error: Fatal Error (4): syntax error, unexpected ')', expecting ']' in [/var/www/html/we_party/src/Controller/UsersController.php, line 66]
Request URL: /we_party/users/registration
Client IP: 10.1.0.5
Trace:
Cake\Error\BaseErrorHandler::handleFatalError() - CORE/src/Error/BaseErrorHandler.php, line 215
Cake\Error\BaseErrorHandler::Cake\Error\{closure}() - CORE/src/Error/BaseErrorHandler.php, line 98
[main] - [internal], line ??



2016-05-27 20:37:03 Error: [Cake\Error\FatalErrorException] syntax error, unexpected ')', expecting ']'
Request URL: /we_party/users/registration
Client IP: 10.1.0.5
Stack Trace:
#0 /var/www/html/we_party/vendor/cakephp/cakephp/src/Error/BaseErrorHandler.php(98): Cake\Error\BaseErrorHandler->handleFatalError(4, 'syntax error, u...', '/var/www/html/w...', 66)
#1 [internal function]: Cake\Error\BaseErrorHandler->Cake\Error\{closure}()
#2 {main}


2016-05-27 20:37:13 Warning: DebugKit not enabled. You need to either install pdo_sqlite, or define the "debug_kit" connection name.
2016-05-27 20:37:13 Error: Fatal Error (4): syntax error, unexpected ')', expecting ']' in [/var/www/html/we_party/src/Controller/UsersController.php, line 66]
Request URL: /we_party/users/registration
Client IP: 127.0.0.1
Trace:
Cake\Error\BaseErrorHandler::handleFatalError() - CORE/src/Error/BaseErrorHandler.php, line 215
Cake\Error\BaseErrorHandler::Cake\Error\{closure}() - CORE/src/Error/BaseErrorHandler.php, line 98
[main] - [internal], line ??



2016-05-27 20:37:13 Error: [Cake\Error\FatalErrorException] syntax error, unexpected ')', expecting ']'
Request URL: /we_party/users/registration
Client IP: 127.0.0.1
Stack Trace:
#0 /var/www/html/we_party/vendor/cakephp/cakephp/src/Error/BaseErrorHandler.php(98): Cake\Error\BaseErrorHandler->handleFatalError(4, 'syntax error, u...', '/var/www/html/w...', 66)
#1 [internal function]: Cake\Error\BaseErrorHandler->Cake\Error\{closure}()
#2 {main}


2016-05-27 20:37:52 Warning: DebugKit not enabled. You need to either install pdo_sqlite, or define the "debug_kit" connection name.
2016-05-27 20:37:52 Warning: Warning (4096): Argument 1 passed to Cake\ORM\Table::save() must implement interface Cake\Datasource\EntityInterface, instance of Cake\ORM\Query given, called in /var/www/html/we_party/src/Controller/UsersController.php on line 78 and defined in [/var/www/html/we_party/vendor/cakephp/cakephp/src/ORM/Table.php, line 1370]
Request URL: /we_party/users/registration
Client IP: 127.0.0.1
Trace:
Cake\Error\BaseErrorHandler::handleError() - CORE/src/Error/BaseErrorHandler.php, line 146
Cake\ORM\Table::save() - CORE/src/ORM/Table.php, line 1370
App\Controller\UsersController::registration() - APP/Controller/UsersController.php, line 78
Cake\Controller\Controller::invokeAction() - CORE/src/Controller/Controller.php, line 429
Cake\Routing\Dispatcher::_invoke() - CORE/src/Routing/Dispatcher.php, line 114
Cake\Routing\Dispatcher::dispatch() - CORE/src/Routing/Dispatcher.php, line 87
[main] - ROOT/webroot/index.php, line 37



2016-05-27 20:37:52 Error: [BadMethodCallException] Unknown method "errors"
Request URL: /we_party/users/registration
Client IP: 127.0.0.1
Stack Trace:
#0 /var/www/html/we_party/vendor/cakephp/cakephp/src/ORM/Query.php(1077): Cake\ORM\Query->_call('errors', Array)
#1 /var/www/html/we_party/vendor/cakephp/cakephp/src/ORM/Table.php(1380): Cake\ORM\Query->__call('errors', Array)
#2 /var/www/html/we_party/vendor/cakephp/cakephp/src/ORM/Table.php(1380): Cake\ORM\Query->errors()
#3 /var/www/html/we_party/src/Controller/UsersController.php(78): Cake\ORM\Table->save(Object(Cake\ORM\Query))
#4 [internal function]: App\Controller\UsersController->registration()
#5 /var/www/html/we_party/vendor/cakephp/cakephp/src/Controller/Controller.php(429): call_user_func_array(Array, Array)
#6 /var/www/html/we_party/vendor/cakephp/cakephp/src/Routing/Dispatcher.php(114): Cake\Controller\Controller->invokeAction()
#7 /var/www/html/we_party/vendor/cakephp/cakephp/src/Routing/Dispatcher.php(87): Cake\Routing\Dispatcher->_invoke(Object(App\Controller\UsersController))
#8 /var/www/html/we_party/webroot/index.php(37): Cake\Routing\Dispatcher->dispatch(Object(Cake\Network\Request), Object(Cake\Network\Response))
#9 {main}


2016-05-27 20:38:15 Warning: DebugKit not enabled. You need to either install pdo_sqlite, or define the "debug_kit" connection name.
2016-05-27 20:38:15 Warning: Warning (4096): Argument 1 passed to Cake\ORM\Table::save() must implement interface Cake\Datasource\EntityInterface, instance of Cake\ORM\Query given, called in /var/www/html/we_party/src/Controller/UsersController.php on line 78 and defined in [/var/www/html/we_party/vendor/cakephp/cakephp/src/ORM/Table.php, line 1370]
Request URL: /we_party/users/registration
Client IP: 127.0.0.1
Trace:
Cake\Error\BaseErrorHandler::handleError() - CORE/src/Error/BaseErrorHandler.php, line 146
Cake\ORM\Table::save() - CORE/src/ORM/Table.php, line 1370
App\Controller\UsersController::registration() - APP/Controller/UsersController.php, line 78
Cake\Controller\Controller::invokeAction() - CORE/src/Controller/Controller.php, line 429
Cake\Routing\Dispatcher::_invoke() - CORE/src/Routing/Dispatcher.php, line 114
Cake\Routing\Dispatcher::dispatch() - CORE/src/Routing/Dispatcher.php, line 87
[main] - ROOT/webroot/index.php, line 37



2016-05-27 20:38:15 Error: [BadMethodCallException] Unknown method "errors"
Request URL: /we_party/users/registration
Client IP: 127.0.0.1
Stack Trace:
#0 /var/www/html/we_party/vendor/cakephp/cakephp/src/ORM/Query.php(1077): Cake\ORM\Query->_call('errors', Array)
#1 /var/www/html/we_party/vendor/cakephp/cakephp/src/ORM/Table.php(1380): Cake\ORM\Query->__call('errors', Array)
#2 /var/www/html/we_party/vendor/cakephp/cakephp/src/ORM/Table.php(1380): Cake\ORM\Query->errors()
#3 /var/www/html/we_party/src/Controller/UsersController.php(78): Cake\ORM\Table->save(Object(Cake\ORM\Query))
#4 [internal function]: App\Controller\UsersController->registration()
#5 /var/www/html/we_party/vendor/cakephp/cakephp/src/Controller/Controller.php(429): call_user_func_array(Array, Array)
#6 /var/www/html/we_party/vendor/cakephp/cakephp/src/Routing/Dispatcher.php(114): Cake\Controller\Controller->invokeAction()
#7 /var/www/html/we_party/vendor/cakephp/cakephp/src/Routing/Dispatcher.php(87): Cake\Routing\Dispatcher->_invoke(Object(App\Controller\UsersController))
#8 /var/www/html/we_party/webroot/index.php(37): Cake\Routing\Dispatcher->dispatch(Object(Cake\Network\Request), Object(Cake\Network\Response))
#9 {main}


2016-05-27 20:38:32 Warning: DebugKit not enabled. You need to either install pdo_sqlite, or define the "debug_kit" connection name.
2016-05-27 20:38:32 Error: Fatal Error (4): syntax error, unexpected '=>' (T_DOUBLE_ARROW) in [/var/www/html/we_party/src/Controller/UsersController.php, line 66]
Request URL: /we_party/users/registration
Client IP: 127.0.0.1
Trace:
Cake\Error\BaseErrorHandler::handleFatalError() - CORE/src/Error/BaseErrorHandler.php, line 215
Cake\Error\BaseErrorHandler::Cake\Error\{closure}() - CORE/src/Error/BaseErrorHandler.php, line 98
[main] - [internal], line ??



2016-05-27 20:38:32 Error: [Cake\Error\FatalErrorException] syntax error, unexpected '=>' (T_DOUBLE_ARROW)
Request URL: /we_party/users/registration
Client IP: 127.0.0.1
Stack Trace:
#0 /var/www/html/we_party/vendor/cakephp/cakephp/src/Error/BaseErrorHandler.php(98): Cake\Error\BaseErrorHandler->handleFatalError(4, 'syntax error, u...', '/var/www/html/w...', 66)
#1 [internal function]: Cake\Error\BaseErrorHandler->Cake\Error\{closure}()
#2 {main}


2016-05-27 20:40:04 Warning: DebugKit not enabled. You need to either install pdo_sqlite, or define the "debug_kit" connection name.
2016-05-27 20:40:04 Warning: Warning (4096): Argument 1 passed to Cake\ORM\Table::save() must implement interface Cake\Datasource\EntityInterface, instance of Cake\ORM\Query given, called in /var/www/html/we_party/src/Controller/UsersController.php on line 78 and defined in [/var/www/html/we_party/vendor/cakephp/cakephp/src/ORM/Table.php, line 1370]
Request URL: /we_party/users/registration
Client IP: 127.0.0.1
Trace:
Cake\Error\BaseErrorHandler::handleError() - CORE/src/Error/BaseErrorHandler.php, line 146
Cake\ORM\Table::save() - CORE/src/ORM/Table.php, line 1370
App\Controller\UsersController::registration() - APP/Controller/UsersController.php, line 78
Cake\Controller\Controller::invokeAction() - CORE/src/Controller/Controller.php, line 429
Cake\Routing\Dispatcher::_invoke() - CORE/src/Routing/Dispatcher.php, line 114
Cake\Routing\Dispatcher::dispatch() - CORE/src/Routing/Dispatcher.php, line 87
[main] - ROOT/webroot/index.php, line 37



2016-05-27 20:40:04 Error: [BadMethodCallException] Unknown method "errors"
Request URL: /we_party/users/registration
Client IP: 127.0.0.1
Stack Trace:
#0 /var/www/html/we_party/vendor/cakephp/cakephp/src/ORM/Query.php(1077): Cake\ORM\Query->_call('errors', Array)
#1 /var/www/html/we_party/vendor/cakephp/cakephp/src/ORM/Table.php(1380): Cake\ORM\Query->__call('errors', Array)
#2 /var/www/html/we_party/vendor/cakephp/cakephp/src/ORM/Table.php(1380): Cake\ORM\Query->errors()
#3 /var/www/html/we_party/src/Controller/UsersController.php(78): Cake\ORM\Table->save(Object(Cake\ORM\Query))
#4 [internal function]: App\Controller\UsersController->registration()
#5 /var/www/html/we_party/vendor/cakephp/cakephp/src/Controller/Controller.php(429): call_user_func_array(Array, Array)
#6 /var/www/html/we_party/vendor/cakephp/cakephp/src/Routing/Dispatcher.php(114): Cake\Controller\Controller->invokeAction()
#7 /var/www/html/we_party/vendor/cakephp/cakephp/src/Routing/Dispatcher.php(87): Cake\Routing\Dispatcher->_invoke(Object(App\Controller\UsersController))
#8 /var/www/html/we_party/webroot/index.php(37): Cake\Routing\Dispatcher->dispatch(Object(Cake\Network\Request), Object(Cake\Network\Response))
#9 {main}


2016-05-27 20:43:02 Warning: DebugKit not enabled. You need to either install pdo_sqlite, or define the "debug_kit" connection name.
2016-05-27 20:43:02 Warning: Warning (4096): Argument 1 passed to Cake\ORM\Table::save() must implement interface Cake\Datasource\EntityInterface, instance of Cake\ORM\Query given, called in /var/www/html/we_party/src/Controller/UsersController.php on line 78 and defined in [/var/www/html/we_party/vendor/cakephp/cakephp/src/ORM/Table.php, line 1370]
Request URL: /we_party/users/registration
Client IP: 127.0.0.1
Trace:
Cake\Error\BaseErrorHandler::handleError() - CORE/src/Error/BaseErrorHandler.php, line 146
Cake\ORM\Table::save() - CORE/src/ORM/Table.php, line 1370
App\Controller\UsersController::registration() - APP/Controller/UsersController.php, line 78
Cake\Controller\Controller::invokeAction() - CORE/src/Controller/Controller.php, line 429
Cake\Routing\Dispatcher::_invoke() - CORE/src/Routing/Dispatcher.php, line 114
Cake\Routing\Dispatcher::dispatch() - CORE/src/Routing/Dispatcher.php, line 87
[main] - ROOT/webroot/index.php, line 37



2016-05-27 20:43:03 Error: [BadMethodCallException] Unknown method "errors"
Request URL: /we_party/users/registration
Client IP: 127.0.0.1
Stack Trace:
#0 /var/www/html/we_party/vendor/cakephp/cakephp/src/ORM/Query.php(1077): Cake\ORM\Query->_call('errors', Array)
#1 /var/www/html/we_party/vendor/cakephp/cakephp/src/ORM/Table.php(1380): Cake\ORM\Query->__call('errors', Array)
#2 /var/www/html/we_party/vendor/cakephp/cakephp/src/ORM/Table.php(1380): Cake\ORM\Query->errors()
#3 /var/www/html/we_party/src/Controller/UsersController.php(78): Cake\ORM\Table->save(Object(Cake\ORM\Query))
#4 [internal function]: App\Controller\UsersController->registration()
#5 /var/www/html/we_party/vendor/cakephp/cakephp/src/Controller/Controller.php(429): call_user_func_array(Array, Array)
#6 /var/www/html/we_party/vendor/cakephp/cakephp/src/Routing/Dispatcher.php(114): Cake\Controller\Controller->invokeAction()
#7 /var/www/html/we_party/vendor/cakephp/cakephp/src/Routing/Dispatcher.php(87): Cake\Routing\Dispatcher->_invoke(Object(App\Controller\UsersController))
#8 /var/www/html/we_party/webroot/index.php(37): Cake\Routing\Dispatcher->dispatch(Object(Cake\Network\Request), Object(Cake\Network\Response))
#9 {main}


2016-05-27 20:44:25 Warning: DebugKit not enabled. You need to either install pdo_sqlite, or define the "debug_kit" connection name.
2016-05-27 20:47:29 Warning: DebugKit not enabled. You need to either install pdo_sqlite, or define the "debug_kit" connection name.
2016-05-27 20:47:29 Warning: Warning (4096): Argument 1 passed to Cake\ORM\Table::save() must implement interface Cake\Datasource\EntityInterface, instance of Cake\ORM\Query given, called in /var/www/html/we_party/src/Controller/UsersController.php on line 81 and defined in [/var/www/html/we_party/vendor/cakephp/cakephp/src/ORM/Table.php, line 1370]
Request URL: /we_party/users/registration
Client IP: 127.0.0.1
Trace:
Cake\Error\BaseErrorHandler::handleError() - CORE/src/Error/BaseErrorHandler.php, line 146
Cake\ORM\Table::save() - CORE/src/ORM/Table.php, line 1370
App\Controller\UsersController::registration() - APP/Controller/UsersController.php, line 81
Cake\Controller\Controller::invokeAction() - CORE/src/Controller/Controller.php, line 429
Cake\Routing\Dispatcher::_invoke() - CORE/src/Routing/Dispatcher.php, line 114
Cake\Routing\Dispatcher::dispatch() - CORE/src/Routing/Dispatcher.php, line 87
[main] - ROOT/webroot/index.php, line 37



2016-05-27 20:47:29 Error: [BadMethodCallException] Unknown method "errors"
Request URL: /we_party/users/registration
Client IP: 127.0.0.1
Stack Trace:
#0 /var/www/html/we_party/vendor/cakephp/cakephp/src/ORM/Query.php(1077): Cake\ORM\Query->_call('errors', Array)
#1 /var/www/html/we_party/vendor/cakephp/cakephp/src/ORM/Table.php(1380): Cake\ORM\Query->__call('errors', Array)
#2 /var/www/html/we_party/vendor/cakephp/cakephp/src/ORM/Table.php(1380): Cake\ORM\Query->errors()
#3 /var/www/html/we_party/src/Controller/UsersController.php(81): Cake\ORM\Table->save(Object(Cake\ORM\Query))
#4 [internal function]: App\Controller\UsersController->registration()
#5 /var/www/html/we_party/vendor/cakephp/cakephp/src/Controller/Controller.php(429): call_user_func_array(Array, Array)
#6 /var/www/html/we_party/vendor/cakephp/cakephp/src/Routing/Dispatcher.php(114): Cake\Controller\Controller->invokeAction()
#7 /var/www/html/we_party/vendor/cakephp/cakephp/src/Routing/Dispatcher.php(87): Cake\Routing\Dispatcher->_invoke(Object(App\Controller\UsersController))
#8 /var/www/html/we_party/webroot/index.php(37): Cake\Routing\Dispatcher->dispatch(Object(Cake\Network\Request), Object(Cake\Network\Response))
#9 {main}


2016-05-27 21:41:08 Warning: DebugKit not enabled. You need to either install pdo_sqlite, or define the "debug_kit" connection name.
2016-05-27 21:41:08 Warning: Warning (4096): Argument 1 passed to Cake\ORM\Table::save() must implement interface Cake\Datasource\EntityInterface, instance of Cake\ORM\Query given, called in /var/www/html/we_party/src/Controller/UsersController.php on line 81 and defined in [/var/www/html/we_party/vendor/cakephp/cakephp/src/ORM/Table.php, line 1370]
Request URL: /we_party/users/registration
Client IP: 127.0.0.1
Trace:
Cake\Error\BaseErrorHandler::handleError() - CORE/src/Error/BaseErrorHandler.php, line 146
Cake\ORM\Table::save() - CORE/src/ORM/Table.php, line 1370
App\Controller\UsersController::registration() - APP/Controller/UsersController.php, line 81
Cake\Controller\Controller::invokeAction() - CORE/src/Controller/Controller.php, line 429
Cake\Routing\Dispatcher::_invoke() - CORE/src/Routing/Dispatcher.php, line 114
Cake\Routing\Dispatcher::dispatch() - CORE/src/Routing/Dispatcher.php, line 87
[main] - ROOT/webroot/index.php, line 37



2016-05-27 21:41:09 Error: [BadMethodCallException] Unknown method "errors"
Request URL: /we_party/users/registration
Client IP: 127.0.0.1
Stack Trace:
#0 /var/www/html/we_party/vendor/cakephp/cakephp/src/ORM/Query.php(1077): Cake\ORM\Query->_call('errors', Array)
#1 /var/www/html/we_party/vendor/cakephp/cakephp/src/ORM/Table.php(1380): Cake\ORM\Query->__call('errors', Array)
#2 /var/www/html/we_party/vendor/cakephp/cakephp/src/ORM/Table.php(1380): Cake\ORM\Query->errors()
#3 /var/www/html/we_party/src/Controller/UsersController.php(81): Cake\ORM\Table->save(Object(Cake\ORM\Query))
#4 [internal function]: App\Controller\UsersController->registration()
#5 /var/www/html/we_party/vendor/cakephp/cakephp/src/Controller/Controller.php(429): call_user_func_array(Array, Array)
#6 /var/www/html/we_party/vendor/cakephp/cakephp/src/Routing/Dispatcher.php(114): Cake\Controller\Controller->invokeAction()
#7 /var/www/html/we_party/vendor/cakephp/cakephp/src/Routing/Dispatcher.php(87): Cake\Routing\Dispatcher->_invoke(Object(App\Controller\UsersController))
#8 /var/www/html/we_party/webroot/index.php(37): Cake\Routing\Dispatcher->dispatch(Object(Cake\Network\Request), Object(Cake\Network\Response))
#9 {main}


2016-05-27 21:44:44 Warning: DebugKit not enabled. You need to either install pdo_sqlite, or define the "debug_kit" connection name.
2016-05-27 21:44:44 Warning: Warning (4096): Argument 1 passed to Cake\ORM\Table::save() must implement interface Cake\Datasource\EntityInterface, instance of Cake\ORM\Query given, called in /var/www/html/we_party/src/Controller/UsersController.php on line 81 and defined in [/var/www/html/we_party/vendor/cakephp/cakephp/src/ORM/Table.php, line 1370]
Request URL: /we_party/users/registration
Client IP: 127.0.0.1
Trace:
Cake\Error\BaseErrorHandler::handleError() - CORE/src/Error/BaseErrorHandler.php, line 146
Cake\ORM\Table::save() - CORE/src/ORM/Table.php, line 1370
App\Controller\UsersController::registration() - APP/Controller/UsersController.php, line 81
Cake\Controller\Controller::invokeAction() - CORE/src/Controller/Controller.php, line 429
Cake\Routing\Dispatcher::_invoke() - CORE/src/Routing/Dispatcher.php, line 114
Cake\Routing\Dispatcher::dispatch() - CORE/src/Routing/Dispatcher.php, line 87
[main] - ROOT/webroot/index.php, line 37



2016-05-27 21:44:44 Error: [BadMethodCallException] Unknown method "errors"
Request URL: /we_party/users/registration
Client IP: 127.0.0.1
Stack Trace:
#0 /var/www/html/we_party/vendor/cakephp/cakephp/src/ORM/Query.php(1077): Cake\ORM\Query->_call('errors', Array)
#1 /var/www/html/we_party/vendor/cakephp/cakephp/src/ORM/Table.php(1380): Cake\ORM\Query->__call('errors', Array)
#2 /var/www/html/we_party/vendor/cakephp/cakephp/src/ORM/Table.php(1380): Cake\ORM\Query->errors()
#3 /var/www/html/we_party/src/Controller/UsersController.php(81): Cake\ORM\Table->save(Object(Cake\ORM\Query))
#4 [internal function]: App\Controller\UsersController->registration()
#5 /var/www/html/we_party/vendor/cakephp/cakephp/src/Controller/Controller.php(429): call_user_func_array(Array, Array)
#6 /var/www/html/we_party/vendor/cakephp/cakephp/src/Routing/Dispatcher.php(114): Cake\Controller\Controller->invokeAction()
#7 /var/www/html/we_party/vendor/cakephp/cakephp/src/Routing/Dispatcher.php(87): Cake\Routing\Dispatcher->_invoke(Object(App\Controller\UsersController))
#8 /var/www/html/we_party/webroot/index.php(37): Cake\Routing\Dispatcher->dispatch(Object(Cake\Network\Request), Object(Cake\Network\Response))
#9 {main}


2016-05-27 21:46:32 Warning: DebugKit not enabled. You need to either install pdo_sqlite, or define the "debug_kit" connection name.
2016-05-27 21:46:32 Warning: Warning (4096): Argument 1 passed to Cake\ORM\Table::save() must implement interface Cake\Datasource\EntityInterface, instance of Cake\ORM\Query given, called in /var/www/html/we_party/src/Controller/UsersController.php on line 81 and defined in [/var/www/html/we_party/vendor/cakephp/cakephp/src/ORM/Table.php, line 1370]
Request URL: /we_party/users/registration
Client IP: 127.0.0.1
Trace:
Cake\Error\BaseErrorHandler::handleError() - CORE/src/Error/BaseErrorHandler.php, line 146
Cake\ORM\Table::save() - CORE/src/ORM/Table.php, line 1370
App\Controller\UsersController::registration() - APP/Controller/UsersController.php, line 81
Cake\Controller\Controller::invokeAction() - CORE/src/Controller/Controller.php, line 429
Cake\Routing\Dispatcher::_invoke() - CORE/src/Routing/Dispatcher.php, line 114
Cake\Routing\Dispatcher::dispatch() - CORE/src/Routing/Dispatcher.php, line 87
[main] - ROOT/webroot/index.php, line 37



2016-05-27 21:46:32 Error: [BadMethodCallException] Unknown method "errors"
Request URL: /we_party/users/registration
Client IP: 127.0.0.1
Stack Trace:
#0 /var/www/html/we_party/vendor/cakephp/cakephp/src/ORM/Query.php(1077): Cake\ORM\Query->_call('errors', Array)
#1 /var/www/html/we_party/vendor/cakephp/cakephp/src/ORM/Table.php(1380): Cake\ORM\Query->__call('errors', Array)
#2 /var/www/html/we_party/vendor/cakephp/cakephp/src/ORM/Table.php(1380): Cake\ORM\Query->errors()
#3 /var/www/html/we_party/src/Controller/UsersController.php(81): Cake\ORM\Table->save(Object(Cake\ORM\Query))
#4 [internal function]: App\Controller\UsersController->registration()
#5 /var/www/html/we_party/vendor/cakephp/cakephp/src/Controller/Controller.php(429): call_user_func_array(Array, Array)
#6 /var/www/html/we_party/vendor/cakephp/cakephp/src/Routing/Dispatcher.php(114): Cake\Controller\Controller->invokeAction()
#7 /var/www/html/we_party/vendor/cakephp/cakephp/src/Routing/Dispatcher.php(87): Cake\Routing\Dispatcher->_invoke(Object(App\Controller\UsersController))
#8 /var/www/html/we_party/webroot/index.php(37): Cake\Routing\Dispatcher->dispatch(Object(Cake\Network\Request), Object(Cake\Network\Response))
#9 {main}


2016-05-27 21:47:42 Warning: DebugKit not enabled. You need to either install pdo_sqlite, or define the "debug_kit" connection name.
2016-05-27 21:47:42 Warning: Warning (4096): Argument 1 passed to Cake\ORM\Table::save() must implement interface Cake\Datasource\EntityInterface, instance of Cake\ORM\Query given, called in /var/www/html/we_party/src/Controller/UsersController.php on line 81 and defined in [/var/www/html/we_party/vendor/cakephp/cakephp/src/ORM/Table.php, line 1370]
Request URL: /we_party/users/registration
Client IP: 127.0.0.1
Trace:
Cake\Error\BaseErrorHandler::handleError() - CORE/src/Error/BaseErrorHandler.php, line 146
Cake\ORM\Table::save() - CORE/src/ORM/Table.php, line 1370
App\Controller\UsersController::registration() - APP/Controller/UsersController.php, line 81
Cake\Controller\Controller::invokeAction() - CORE/src/Controller/Controller.php, line 429
Cake\Routing\Dispatcher::_invoke() - CORE/src/Routing/Dispatcher.php, line 114
Cake\Routing\Dispatcher::dispatch() - CORE/src/Routing/Dispatcher.php, line 87
[main] - ROOT/webroot/index.php, line 37



2016-05-27 21:47:42 Error: [BadMethodCallException] Unknown method "errors"
Request URL: /we_party/users/registration
Client IP: 127.0.0.1
Stack Trace:
#0 /var/www/html/we_party/vendor/cakephp/cakephp/src/ORM/Query.php(1077): Cake\ORM\Query->_call('errors', Array)
#1 /var/www/html/we_party/vendor/cakephp/cakephp/src/ORM/Table.php(1380): Cake\ORM\Query->__call('errors', Array)
#2 /var/www/html/we_party/vendor/cakephp/cakephp/src/ORM/Table.php(1380): Cake\ORM\Query->errors()
#3 /var/www/html/we_party/src/Controller/UsersController.php(81): Cake\ORM\Table->save(Object(Cake\ORM\Query))
#4 [internal function]: App\Controller\UsersController->registration()
#5 /var/www/html/we_party/vendor/cakephp/cakephp/src/Controller/Controller.php(429): call_user_func_array(Array, Array)
#6 /var/www/html/we_party/vendor/cakephp/cakephp/src/Routing/Dispatcher.php(114): Cake\Controller\Controller->invokeAction()
#7 /var/www/html/we_party/vendor/cakephp/cakephp/src/Routing/Dispatcher.php(87): Cake\Routing\Dispatcher->_invoke(Object(App\Controller\UsersController))
#8 /var/www/html/we_party/webroot/index.php(37): Cake\Routing\Dispatcher->dispatch(Object(Cake\Network\Request), Object(Cake\Network\Response))
#9 {main}


2016-05-27 21:48:18 Warning: DebugKit not enabled. You need to either install pdo_sqlite, or define the "debug_kit" connection name.
2016-05-27 21:48:18 Warning: Warning (4096): Argument 1 passed to Cake\ORM\Table::save() must implement interface Cake\Datasource\EntityInterface, instance of Cake\ORM\Query given, called in /var/www/html/we_party/src/Controller/UsersController.php on line 81 and defined in [/var/www/html/we_party/vendor/cakephp/cakephp/src/ORM/Table.php, line 1370]
Request URL: /we_party/users/registration
Client IP: 127.0.0.1
Trace:
Cake\Error\BaseErrorHandler::handleError() - CORE/src/Error/BaseErrorHandler.php, line 146
Cake\ORM\Table::save() - CORE/src/ORM/Table.php, line 1370
App\Controller\UsersController::registration() - APP/Controller/UsersController.php, line 81
Cake\Controller\Controller::invokeAction() - CORE/src/Controller/Controller.php, line 429
Cake\Routing\Dispatcher::_invoke() - CORE/src/Routing/Dispatcher.php, line 114
Cake\Routing\Dispatcher::dispatch() - CORE/src/Routing/Dispatcher.php, line 87
[main] - ROOT/webroot/index.php, line 37



2016-05-27 21:48:18 Error: [BadMethodCallException] Unknown method "errors"
Request URL: /we_party/users/registration
Client IP: 127.0.0.1
Stack Trace:
#0 /var/www/html/we_party/vendor/cakephp/cakephp/src/ORM/Query.php(1077): Cake\ORM\Query->_call('errors', Array)
#1 /var/www/html/we_party/vendor/cakephp/cakephp/src/ORM/Table.php(1380): Cake\ORM\Query->__call('errors', Array)
#2 /var/www/html/we_party/vendor/cakephp/cakephp/src/ORM/Table.php(1380): Cake\ORM\Query->errors()
#3 /var/www/html/we_party/src/Controller/UsersController.php(81): Cake\ORM\Table->save(Object(Cake\ORM\Query))
#4 [internal function]: App\Controller\UsersController->registration()
#5 /var/www/html/we_party/vendor/cakephp/cakephp/src/Controller/Controller.php(429): call_user_func_array(Array, Array)
#6 /var/www/html/we_party/vendor/cakephp/cakephp/src/Routing/Dispatcher.php(114): Cake\Controller\Controller->invokeAction()
#7 /var/www/html/we_party/vendor/cakephp/cakephp/src/Routing/Dispatcher.php(87): Cake\Routing\Dispatcher->_invoke(Object(App\Controller\UsersController))
#8 /var/www/html/we_party/webroot/index.php(37): Cake\Routing\Dispatcher->dispatch(Object(Cake\Network\Request), Object(Cake\Network\Response))
#9 {main}


2016-05-27 21:49:59 Warning: DebugKit not enabled. You need to either install pdo_sqlite, or define the "debug_kit" connection name.
2016-05-27 21:50:55 Warning: DebugKit not enabled. You need to either install pdo_sqlite, or define the "debug_kit" connection name.
2016-05-27 21:51:24 Warning: DebugKit not enabled. You need to either install pdo_sqlite, or define the "debug_kit" connection name.
2016-05-27 21:51:24 Warning: Warning (4096): Argument 1 passed to Cake\ORM\Table::save() must implement interface Cake\Datasource\EntityInterface, instance of Cake\ORM\Query given, called in /var/www/html/we_party/src/Controller/UsersController.php on line 81 and defined in [/var/www/html/we_party/vendor/cakephp/cakephp/src/ORM/Table.php, line 1370]
Request URL: /we_party/users/registration
Client IP: 127.0.0.1
Trace:
Cake\Error\BaseErrorHandler::handleError() - CORE/src/Error/BaseErrorHandler.php, line 146
Cake\ORM\Table::save() - CORE/src/ORM/Table.php, line 1370
App\Controller\UsersController::registration() - APP/Controller/UsersController.php, line 81
Cake\Controller\Controller::invokeAction() - CORE/src/Controller/Controller.php, line 429
Cake\Routing\Dispatcher::_invoke() - CORE/src/Routing/Dispatcher.php, line 114
Cake\Routing\Dispatcher::dispatch() - CORE/src/Routing/Dispatcher.php, line 87
[main] - ROOT/webroot/index.php, line 37



2016-05-27 21:51:24 Error: [BadMethodCallException] Unknown method "errors"
Request URL: /we_party/users/registration
Client IP: 127.0.0.1
Stack Trace:
#0 /var/www/html/we_party/vendor/cakephp/cakephp/src/ORM/Query.php(1077): Cake\ORM\Query->_call('errors', Array)
#1 /var/www/html/we_party/vendor/cakephp/cakephp/src/ORM/Table.php(1380): Cake\ORM\Query->__call('errors', Array)
#2 /var/www/html/we_party/vendor/cakephp/cakephp/src/ORM/Table.php(1380): Cake\ORM\Query->errors()
#3 /var/www/html/we_party/src/Controller/UsersController.php(81): Cake\ORM\Table->save(Object(Cake\ORM\Query))
#4 [internal function]: App\Controller\UsersController->registration()
#5 /var/www/html/we_party/vendor/cakephp/cakephp/src/Controller/Controller.php(429): call_user_func_array(Array, Array)
#6 /var/www/html/we_party/vendor/cakephp/cakephp/src/Routing/Dispatcher.php(114): Cake\Controller\Controller->invokeAction()
#7 /var/www/html/we_party/vendor/cakephp/cakephp/src/Routing/Dispatcher.php(87): Cake\Routing\Dispatcher->_invoke(Object(App\Controller\UsersController))
#8 /var/www/html/we_party/webroot/index.php(37): Cake\Routing\Dispatcher->dispatch(Object(Cake\Network\Request), Object(Cake\Network\Response))
#9 {main}


2016-05-27 21:52:04 Warning: DebugKit not enabled. You need to either install pdo_sqlite, or define the "debug_kit" connection name.
2016-05-27 21:52:25 Warning: DebugKit not enabled. You need to either install pdo_sqlite, or define the "debug_kit" connection name.
2016-05-27 21:52:41 Warning: DebugKit not enabled. You need to either install pdo_sqlite, or define the "debug_kit" connection name.
2016-05-27 21:52:41 Warning: Warning (4096): Argument 1 passed to Cake\ORM\Table::save() must implement interface Cake\Datasource\EntityInterface, instance of Cake\ORM\Query given, called in /var/www/html/we_party/src/Controller/UsersController.php on line 81 and defined in [/var/www/html/we_party/vendor/cakephp/cakephp/src/ORM/Table.php, line 1370]
Request URL: /we_party/users/registration
Client IP: 127.0.0.1
Trace:
Cake\Error\BaseErrorHandler::handleError() - CORE/src/Error/BaseErrorHandler.php, line 146
Cake\ORM\Table::save() - CORE/src/ORM/Table.php, line 1370
App\Controller\UsersController::registration() - APP/Controller/UsersController.php, line 81
Cake\Controller\Controller::invokeAction() - CORE/src/Controller/Controller.php, line 429
Cake\Routing\Dispatcher::_invoke() - CORE/src/Routing/Dispatcher.php, line 114
Cake\Routing\Dispatcher::dispatch() - CORE/src/Routing/Dispatcher.php, line 87
[main] - ROOT/webroot/index.php, line 37



2016-05-27 21:52:41 Error: [BadMethodCallException] Unknown method "errors"
Request URL: /we_party/users/registration
Client IP: 127.0.0.1
Stack Trace:
#0 /var/www/html/we_party/vendor/cakephp/cakephp/src/ORM/Query.php(1077): Cake\ORM\Query->_call('errors', Array)
#1 /var/www/html/we_party/vendor/cakephp/cakephp/src/ORM/Table.php(1380): Cake\ORM\Query->__call('errors', Array)
#2 /var/www/html/we_party/vendor/cakephp/cakephp/src/ORM/Table.php(1380): Cake\ORM\Query->errors()
#3 /var/www/html/we_party/src/Controller/UsersController.php(81): Cake\ORM\Table->save(Object(Cake\ORM\Query))
#4 [internal function]: App\Controller\UsersController->registration()
#5 /var/www/html/we_party/vendor/cakephp/cakephp/src/Controller/Controller.php(429): call_user_func_array(Array, Array)
#6 /var/www/html/we_party/vendor/cakephp/cakephp/src/Routing/Dispatcher.php(114): Cake\Controller\Controller->invokeAction()
#7 /var/www/html/we_party/vendor/cakephp/cakephp/src/Routing/Dispatcher.php(87): Cake\Routing\Dispatcher->_invoke(Object(App\Controller\UsersController))
#8 /var/www/html/we_party/webroot/index.php(37): Cake\Routing\Dispatcher->dispatch(Object(Cake\Network\Request), Object(Cake\Network\Response))
#9 {main}


2016-05-27 21:53:27 Warning: DebugKit not enabled. You need to either install pdo_sqlite, or define the "debug_kit" connection name.
2016-05-27 22:07:05 Warning: DebugKit not enabled. You need to either install pdo_sqlite, or define the "debug_kit" connection name.
2016-05-27 22:07:45 Warning: DebugKit not enabled. You need to either install pdo_sqlite, or define the "debug_kit" connection name.
2016-05-27 22:20:58 Warning: DebugKit not enabled. You need to either install pdo_sqlite, or define the "debug_kit" connection name.
2016-05-27 22:23:57 Warning: DebugKit not enabled. You need to either install pdo_sqlite, or define the "debug_kit" connection name.
2016-05-27 22:24:05 Warning: DebugKit not enabled. You need to either install pdo_sqlite, or define the "debug_kit" connection name.
2016-05-27 22:24:10 Warning: DebugKit not enabled. You need to either install pdo_sqlite, or define the "debug_kit" connection name.
2016-05-27 22:24:47 Warning: DebugKit not enabled. You need to either install pdo_sqlite, or define the "debug_kit" connection name.
2016-05-27 22:25:09 Warning: DebugKit not enabled. You need to either install pdo_sqlite, or define the "debug_kit" connection name.
2016-05-27 22:26:40 Warning: DebugKit not enabled. You need to either install pdo_sqlite, or define the "debug_kit" connection name.
2016-05-27 22:27:09 Warning: DebugKit not enabled. You need to either install pdo_sqlite, or define the "debug_kit" connection name.
2016-05-27 22:27:20 Warning: DebugKit not enabled. You need to either install pdo_sqlite, or define the "debug_kit" connection name.
2016-05-27 22:27:58 Warning: DebugKit not enabled. You need to either install pdo_sqlite, or define the "debug_kit" connection name.
2016-05-27 22:30:01 Warning: DebugKit not enabled. You need to either install pdo_sqlite, or define the "debug_kit" connection name.
2016-05-27 22:30:13 Warning: DebugKit not enabled. You need to either install pdo_sqlite, or define the "debug_kit" connection name.
2016-05-27 22:30:45 Warning: DebugKit not enabled. You need to either install pdo_sqlite, or define the "debug_kit" connection name.
2016-05-27 22:31:11 Warning: DebugKit not enabled. You need to either install pdo_sqlite, or define the "debug_kit" connection name.
2016-05-27 22:31:29 Warning: DebugKit not enabled. You need to either install pdo_sqlite, or define the "debug_kit" connection name.
